2018-09-24 12:18:56,006 [Worker-1: Loading available Gradle versions] INFO  c.g.t.t.d.PublishedGradleVersions - Gradle version information cache is up-to-date. Trying to read.
2018-09-24 12:21:28,148 [Worker-8: Enabling Maven Dependency Management] INFO  o.e.m.c.i.l.LifecycleMappingFactory - Using org.maven.ide.eclipse.wtp.WarLifecycleMapping lifecycle mapping for MavenProject: com.opteamix:java-restful-demo:0.0.1-SNAPSHOT @ C:\Users\NChaudhary\Desktop\EclipseWorkSpace\JavaStack\java-restful-demo\pom.xml.
2018-09-24 12:21:30,114 [Worker-8: Enabling Maven Dependency Management] INFO  o.e.m.j.i.AbstractJavaProjectConfigurator - Adding source folder /java-restful-demo/src
2018-09-24 12:21:30,115 [Worker-8: Enabling Maven Dependency Management] INFO  o.e.m.j.i.AbstractJavaProjectConfigurator - Not adding source folder /java-restful-demo/src/test/java because it overlaps with /java-restful-demo/src
2018-09-24 12:21:30,557 [Worker-14: Building workspace] WARN  o.e.m.c.i.embedder.EclipseLogger - Using platform encoding (Cp1252 actually) to copy filtered resources, i.e. build is platform dependent!
2018-09-24 12:21:30,559 [Worker-14: Building workspace] INFO  o.e.m.c.i.embedder.EclipseLogger - skip non existing resourceDirectory C:\Users\NChaudhary\Desktop\EclipseWorkSpace\JavaStack\java-restful-demo\src\main\resources
2018-09-24 12:21:30,563 [Worker-14: Building workspace] WARN  o.e.m.c.i.embedder.EclipseLogger - Using platform encoding (Cp1252 actually) to copy filtered resources, i.e. build is platform dependent!
2018-09-24 12:21:30,564 [Worker-14: Building workspace] INFO  o.e.m.c.i.embedder.EclipseLogger - skip non existing resourceDirectory C:\Users\NChaudhary\Desktop\EclipseWorkSpace\JavaStack\java-restful-demo\src\test\resources
2018-09-24 12:21:30,688 [Worker-8: Enabling Maven Dependency Management] INFO  o.e.m.c.i.p.ProjectConfigurationManager - Update started
2018-09-24 12:21:31,089 [Worker-8: Enabling Maven Dependency Management] INFO  o.e.m.c.i.l.LifecycleMappingFactory - Using org.maven.ide.eclipse.wtp.WarLifecycleMapping lifecycle mapping for MavenProject: com.opteamix:java-restful-demo:0.0.1-SNAPSHOT @ C:\Users\NChaudhary\Desktop\EclipseWorkSpace\JavaStack\java-restful-demo\pom.xml.
2018-09-24 12:21:31,985 [Worker-2: Building workspace] WARN  o.e.m.c.i.embedder.EclipseLogger - Using platform encoding (Cp1252 actually) to copy filtered resources, i.e. build is platform dependent!
2018-09-24 12:21:31,987 [Worker-2: Building workspace] INFO  o.e.m.c.i.embedder.EclipseLogger - skip non existing resourceDirectory C:\Users\NChaudhary\Desktop\EclipseWorkSpace\JavaStack\java-restful-demo\src\main\resources
2018-09-24 12:21:31,989 [Worker-2: Building workspace] WARN  o.e.m.c.i.embedder.EclipseLogger - Using platform encoding (Cp1252 actually) to copy filtered resources, i.e. build is platform dependent!
2018-09-24 12:21:31,991 [Worker-2: Building workspace] INFO  o.e.m.c.i.embedder.EclipseLogger - skip non existing resourceDirectory C:\Users\NChaudhary\Desktop\EclipseWorkSpace\JavaStack\java-restful-demo\src\test\resources
2018-09-24 12:21:31,991 [Worker-2: Building workspace] INFO  o.e.m.w.i.f.ResourceFilteringBuildParticipant - Changed resources require a complete clean of filtered resources of java-restful-demo
2018-09-24 12:21:31,993 [Worker-2: Building workspace] INFO  o.e.m.w.i.f.ResourceFilteringBuildParticipant - Executing resource filtering for java-restful-demo
2018-09-24 12:21:31,999 [Worker-2: Building workspace] WARN  o.e.m.c.i.embedder.EclipseLogger - The POM for org.apache.maven.plugins:maven-clean-plugin:jar:2.5 is missing, no dependency information available
2018-09-24 12:21:32,008 [Worker-2: Building workspace] WARN  o.e.m.c.i.embedder.EclipseLogger - Using platform encoding (Cp1252 actually) to copy filtered resources, i.e. build is platform dependent!
2018-09-24 12:21:32,031 [Worker-8: Enabling Maven Dependency Management] INFO  o.e.m.j.i.AbstractJavaProjectConfigurator - Adding source folder /java-restful-demo/src
2018-09-24 12:21:32,032 [Worker-8: Enabling Maven Dependency Management] INFO  o.e.m.j.i.AbstractJavaProjectConfigurator - Not adding source folder /java-restful-demo/src/test/java because it overlaps with /java-restful-demo/src
2018-09-24 12:21:32,357 [Worker-8: Enabling Maven Dependency Management] INFO  o.e.m.w.i.f.ResourceFilteringBuildParticipant - Cleaning filtered folder for java-restful-demo
2018-09-24 12:21:32,380 [Worker-8: Enabling Maven Dependency Management] INFO  o.e.m.c.i.p.ProjectConfigurationManager - Update completed: 1 sec
2018-09-24 12:21:33,060 [Worker-17: Building workspace] WARN  o.e.m.c.i.embedder.EclipseLogger - Using platform encoding (Cp1252 actually) to copy filtered resources, i.e. build is platform dependent!
2018-09-24 12:21:33,065 [Worker-17: Building workspace] INFO  o.e.m.c.i.embedder.EclipseLogger - skip non existing resourceDirectory C:\Users\NChaudhary\Desktop\EclipseWorkSpace\JavaStack\java-restful-demo\src\main\resources
2018-09-24 12:21:33,072 [Worker-17: Building workspace] WARN  o.e.m.c.i.embedder.EclipseLogger - Using platform encoding (Cp1252 actually) to copy filtered resources, i.e. build is platform dependent!
2018-09-24 12:21:33,076 [Worker-17: Building workspace] INFO  o.e.m.c.i.embedder.EclipseLogger - skip non existing resourceDirectory C:\Users\NChaudhary\Desktop\EclipseWorkSpace\JavaStack\java-restful-demo\src\test\resources
2018-09-24 12:21:33,078 [Worker-17: Building workspace] INFO  o.e.m.w.i.f.ResourceFilteringBuildParticipant - Changed resources require a complete clean of filtered resources of java-restful-demo
2018-09-24 12:21:33,078 [Worker-17: Building workspace] INFO  o.e.m.w.i.f.ResourceFilteringBuildParticipant - Executing resource filtering for java-restful-demo
2018-09-24 12:21:33,093 [Worker-17: Building workspace] WARN  o.e.m.c.i.embedder.EclipseLogger - Using platform encoding (Cp1252 actually) to copy filtered resources, i.e. build is platform dependent!
2018-09-24 12:21:35,742 [Worker-13: Building workspace] INFO  o.e.m.c.i.l.LifecycleMappingFactory - Using org.maven.ide.eclipse.wtp.WarLifecycleMapping lifecycle mapping for MavenProject: com.opteamix:java-restful-demo:0.0.1-SNAPSHOT @ C:\Users\NChaudhary\Desktop\EclipseWorkSpace\JavaStack\java-restful-demo\pom.xml.
2018-09-24 12:21:35,869 [Worker-13: Building workspace] WARN  o.e.m.c.i.embedder.EclipseLogger - The POM for org.glassfish.jersey.ext:jersey-entity-filtering:jar:2.25.1 is invalid, transitive dependencies (if any) will not be available, enable debug logging for more details
2018-09-24 12:21:35,990 [Worker-13: Building workspace] WARN  o.e.m.c.i.embedder.EclipseLogger - The POM for org.glassfish.jersey.ext:jersey-entity-filtering:jar:2.25.1 is invalid, transitive dependencies (if any) will not be available, enable debug logging for more details
2018-09-24 12:21:36,791 [Worker-13: Building workspace] WARN  o.e.m.c.i.embedder.EclipseLogger - Using platform encoding (Cp1252 actually) to copy filtered resources, i.e. build is platform dependent!
2018-09-24 12:21:36,793 [Worker-13: Building workspace] INFO  o.e.m.c.i.embedder.EclipseLogger - skip non existing resourceDirectory C:\Users\NChaudhary\Desktop\EclipseWorkSpace\JavaStack\java-restful-demo\src\main\resources
2018-09-24 12:21:36,794 [Worker-13: Building workspace] WARN  o.e.m.c.i.embedder.EclipseLogger - Using platform encoding (Cp1252 actually) to copy filtered resources, i.e. build is platform dependent!
2018-09-24 12:21:36,796 [Worker-13: Building workspace] INFO  o.e.m.c.i.embedder.EclipseLogger - skip non existing resourceDirectory C:\Users\NChaudhary\Desktop\EclipseWorkSpace\JavaStack\java-restful-demo\src\test\resources
2018-09-24 12:21:36,796 [Worker-13: Building workspace] INFO  o.e.m.w.i.f.ResourceFilteringBuildParticipant - Changed resources require a complete clean of filtered resources of java-restful-demo
2018-09-24 12:21:36,796 [Worker-13: Building workspace] INFO  o.e.m.w.i.f.ResourceFilteringBuildParticipant - Executing resource filtering for java-restful-demo
2018-09-24 12:21:36,802 [Worker-13: Building workspace] WARN  o.e.m.c.i.embedder.EclipseLogger - Using platform encoding (Cp1252 actually) to copy filtered resources, i.e. build is platform dependent!
2018-09-24 12:22:21,746 [Worker-18: Building workspace] WARN  o.e.m.c.i.embedder.EclipseLogger - The POM for org.glassfish.jersey.ext:jersey-entity-filtering:jar:2.25.1 is invalid, transitive dependencies (if any) will not be available, enable debug logging for more details
2018-09-24 12:22:21,782 [Worker-18: Building workspace] WARN  o.e.m.c.i.embedder.EclipseLogger - Using platform encoding (Cp1252 actually) to copy filtered resources, i.e. build is platform dependent!
2018-09-24 12:22:21,785 [Worker-18: Building workspace] INFO  o.e.m.c.i.embedder.EclipseLogger - skip non existing resourceDirectory C:\Users\NChaudhary\Desktop\EclipseWorkSpace\JavaStack\java-restful-demo\src\main\resources
2018-09-24 12:22:21,788 [Worker-18: Building workspace] WARN  o.e.m.c.i.embedder.EclipseLogger - Using platform encoding (Cp1252 actually) to copy filtered resources, i.e. build is platform dependent!
2018-09-24 12:22:21,790 [Worker-18: Building workspace] INFO  o.e.m.c.i.embedder.EclipseLogger - skip non existing resourceDirectory C:\Users\NChaudhary\Desktop\EclipseWorkSpace\JavaStack\java-restful-demo\src\test\resources
2018-09-24 12:23:16,454 [Worker-15: Building workspace] WARN  o.e.m.c.i.embedder.EclipseLogger - Using platform encoding (Cp1252 actually) to copy filtered resources, i.e. build is platform dependent!
2018-09-24 12:23:16,466 [Worker-15: Building workspace] INFO  o.e.m.c.i.embedder.EclipseLogger - skip non existing resourceDirectory C:\Users\NChaudhary\Desktop\EclipseWorkSpace\JavaStack\java-restful-demo\src\main\resources
2018-09-24 12:23:16,468 [Worker-15: Building workspace] WARN  o.e.m.c.i.embedder.EclipseLogger - Using platform encoding (Cp1252 actually) to copy filtered resources, i.e. build is platform dependent!
2018-09-24 12:23:16,470 [Worker-15: Building workspace] INFO  o.e.m.c.i.embedder.EclipseLogger - skip non existing resourceDirectory C:\Users\NChaudhary\Desktop\EclipseWorkSpace\JavaStack\java-restful-demo\src\test\resources
2018-09-24 12:23:35,586 [Worker-2: Building workspace] WARN  o.e.m.c.i.embedder.EclipseLogger - Using platform encoding (Cp1252 actually) to copy filtered resources, i.e. build is platform dependent!
2018-09-24 12:23:35,587 [Worker-2: Building workspace] INFO  o.e.m.c.i.embedder.EclipseLogger - skip non existing resourceDirectory C:\Users\NChaudhary\Desktop\EclipseWorkSpace\JavaStack\java-restful-demo\src\main\resources
2018-09-24 12:23:35,589 [Worker-2: Building workspace] WARN  o.e.m.c.i.embedder.EclipseLogger - Using platform encoding (Cp1252 actually) to copy filtered resources, i.e. build is platform dependent!
2018-09-24 12:23:35,591 [Worker-2: Building workspace] INFO  o.e.m.c.i.embedder.EclipseLogger - skip non existing resourceDirectory C:\Users\NChaudhary\Desktop\EclipseWorkSpace\JavaStack\java-restful-demo\src\test\resources
2018-09-24 12:24:46,092 [Worker-6: Building workspace] WARN  o.e.m.c.i.embedder.EclipseLogger - Using platform encoding (Cp1252 actually) to copy filtered resources, i.e. build is platform dependent!
2018-09-24 12:24:46,094 [Worker-6: Building workspace] INFO  o.e.m.c.i.embedder.EclipseLogger - skip non existing resourceDirectory C:\Users\NChaudhary\Desktop\EclipseWorkSpace\JavaStack\java-restful-demo\src\main\resources
2018-09-24 12:24:46,096 [Worker-6: Building workspace] WARN  o.e.m.c.i.embedder.EclipseLogger - Using platform encoding (Cp1252 actually) to copy filtered resources, i.e. build is platform dependent!
2018-09-24 12:24:46,097 [Worker-6: Building workspace] INFO  o.e.m.c.i.embedder.EclipseLogger - skip non existing resourceDirectory C:\Users\NChaudhary\Desktop\EclipseWorkSpace\JavaStack\java-restful-demo\src\test\resources
2018-09-24 12:25:01,509 [Worker-17: Building workspace] WARN  o.e.m.c.i.embedder.EclipseLogger - Using platform encoding (Cp1252 actually) to copy filtered resources, i.e. build is platform dependent!
2018-09-24 12:25:01,510 [Worker-17: Building workspace] INFO  o.e.m.c.i.embedder.EclipseLogger - skip non existing resourceDirectory C:\Users\NChaudhary\Desktop\EclipseWorkSpace\JavaStack\java-restful-demo\src\main\resources
2018-09-24 12:25:01,511 [Worker-17: Building workspace] WARN  o.e.m.c.i.embedder.EclipseLogger - Using platform encoding (Cp1252 actually) to copy filtered resources, i.e. build is platform dependent!
2018-09-24 12:25:01,512 [Worker-17: Building workspace] INFO  o.e.m.c.i.embedder.EclipseLogger - skip non existing resourceDirectory C:\Users\NChaudhary\Desktop\EclipseWorkSpace\JavaStack\java-restful-demo\src\test\resources
