
Aug 28, 2018 10:32:59.94 NEW SESSION
Aug 28, 2018 10:32:59.98 [13040:22952:0828/103259.938:ERROR:install_util.cc(603)] Failed to read HKLM\SOFTWARE\Policies\Google\Chrome\MachineLevelUserCloudPolicyEnrollmentToken: The system cannot find the file specified. (0x2)

Aug 28, 2018 17:16:17.04 NEW SESSION
Aug 28, 2018 17:16:17.09 [23316:9996:0828/171617.029:ERROR:install_util.cc(603)] Failed to read HKLM\SOFTWARE\Policies\Google\Chrome\MachineLevelUserCloudPolicyEnrollmentToken: The system cannot find the file specified. (0x2)
Aug 28, 2018 17:17:02.48 Unable to read VR Path Registry from C:\Users\NChaudhary\AppData\Local\openvr\openvrpaths.vrpath
Aug 28, 2018 17:25:33.79 [9224:20548:0828/172533.791:ERROR:install_util.cc(603)] Failed to read HKLM\SOFTWARE\Policies\Google\Chrome\MachineLevelUserCloudPolicyEnrollmentToken: The system cannot find the file specified. (0x2)
Aug 28, 2018 17:26:19.15 Unable to read VR Path Registry from C:\Users\NChaudhary\AppData\Local\openvr\openvrpaths.vrpath

Aug 30, 2018 10:19:24.59 NEW SESSION
Aug 30, 2018 10:19:24.62 [25800:20356:0830/101924.560:ERROR:install_util.cc(603)] Failed to read HKLM\SOFTWARE\Policies\Google\Chrome\MachineLevelUserCloudPolicyEnrollmentToken: The system cannot find the file specified. (0x2)
Aug 30, 2018 10:20:09.77 Unable to read VR Path Registry from C:\Users\NChaudhary\AppData\Local\openvr\openvrpaths.vrpath
Aug 30, 2018 10:38:46.12 [25800:3864:0830/103846.128:ERROR:ssl_client_socket_impl.cc(996)] handshake failed; returned -1, SSL error code 1, net_error -101
Aug 30, 2018 10:38:46.13 [25800:3864:0830/103846.129:ERROR:ssl_client_socket_impl.cc(996)] handshake failed; returned -1, SSL error code 1, net_error -101
Aug 30, 2018 10:39:05.31 [25800:3864:0830/103905.316:ERROR:ssl_client_socket_impl.cc(996)] handshake failed; returned -1, SSL error code 1, net_error -101
Aug 30, 2018 10:39:12.02 [25800:3864:0830/103912.024:ERROR:ssl_client_socket_impl.cc(996)] handshake failed; returned -1, SSL error code 1, net_error -101
Aug 30, 2018 10:39:31.20 [25800:3864:0830/103931.202:ERROR:ssl_client_socket_impl.cc(996)] handshake failed; returned -1, SSL error code 1, net_error -101
Aug 30, 2018 10:53:51.98 [25800:3864:0830/105351.989:ERROR:socket_stream.cc(210)] Closing stream with result -101
Aug 30, 2018 10:53:52.00 [25800:3864:0830/105352.005:ERROR:connection_factory_impl.cc(403)] Failed to connect to MCS endpoint with error -21
Aug 30, 2018 11:14:48.49 [25800:3864:0830/111448.499:ERROR:connection_factory_impl.cc(403)] Failed to connect to MCS endpoint with error -106
Aug 30, 2018 11:21:28.42 [25800:3864:0830/112128.422:ERROR:ssl_client_socket_impl.cc(996)] handshake failed; returned -1, SSL error code 1, net_error -101
Aug 30, 2018 11:21:28.73 [25800:3864:0830/112128.738:ERROR:ssl_client_socket_impl.cc(996)] handshake failed; returned -1, SSL error code 1, net_error -101
Aug 30, 2018 11:21:28.74 [25800:3864:0830/112128.738:ERROR:ssl_client_socket_impl.cc(996)] handshake failed; returned -1, SSL error code 1, net_error -101
Aug 30, 2018 11:21:29.01 [25800:3864:0830/112129.016:ERROR:ssl_client_socket_impl.cc(996)] handshake failed; returned -1, SSL error code 1, net_error -101
Aug 30, 2018 11:21:29.03 [25800:3864:0830/112129.036:ERROR:ssl_client_socket_impl.cc(996)] handshake failed; returned -1, SSL error code 1, net_error -101
Aug 30, 2018 11:21:29.16 [25800:3864:0830/112129.163:ERROR:ssl_client_socket_impl.cc(996)] handshake failed; returned -1, SSL error code 1, net_error -101
Aug 30, 2018 11:21:58.23 [25800:3864:0830/112158.235:ERROR:ssl_client_socket_impl.cc(996)] handshake failed; returned -1, SSL error code 1, net_error -101
Aug 30, 2018 11:21:58.25 [25800:3864:0830/112158.258:ERROR:ssl_client_socket_impl.cc(996)] handshake failed; returned -1, SSL error code 1, net_error -101
Aug 30, 2018 11:21:58.26 [25800:3864:0830/112158.268:ERROR:ssl_client_socket_impl.cc(996)] handshake failed; returned -1, SSL error code 1, net_error -101
Aug 30, 2018 11:21:58.27 [25800:3864:0830/112158.274:ERROR:ssl_client_socket_impl.cc(996)] handshake failed; returned -1, SSL error code 1, net_error -101
Aug 30, 2018 11:21:58.27 [25800:3864:0830/112158.276:ERROR:ssl_client_socket_impl.cc(996)] handshake failed; returned -1, SSL error code 1, net_error -101
Aug 30, 2018 11:22:17.35 [25800:3864:0830/112217.348:ERROR:ssl_client_socket_impl.cc(996)] handshake failed; returned -1, SSL error code 1, net_error -101
Aug 30, 2018 11:22:17.37 [25800:3864:0830/112217.374:ERROR:ssl_client_socket_impl.cc(996)] handshake failed; returned -1, SSL error code 1, net_error -101
Aug 30, 2018 11:22:17.38 [25800:3864:0830/112217.384:ERROR:ssl_client_socket_impl.cc(996)] handshake failed; returned -1, SSL error code 1, net_error -101
Aug 30, 2018 11:22:17.38 [25800:3864:0830/112217.384:ERROR:ssl_client_socket_impl.cc(996)] handshake failed; returned -1, SSL error code 1, net_error -101
Aug 30, 2018 11:22:17.38 [25800:3864:0830/112217.385:ERROR:ssl_client_socket_impl.cc(996)] handshake failed; returned -1, SSL error code 1, net_error -101
Aug 30, 2018 11:22:31.27 [25800:3864:0830/112231.277:ERROR:ssl_client_socket_impl.cc(996)] handshake failed; returned -1, SSL error code 1, net_error -101
Aug 30, 2018 11:22:50.51 [25800:3864:0830/112250.510:ERROR:ssl_client_socket_impl.cc(996)] handshake failed; returned -1, SSL error code 1, net_error -101
Aug 30, 2018 11:25:53.33 [25800:3864:0830/112553.336:ERROR:ssl_client_socket_impl.cc(996)] handshake failed; returned -1, SSL error code 1, net_error -101
Aug 30, 2018 11:26:12.53 [25800:3864:0830/112612.538:ERROR:ssl_client_socket_impl.cc(996)] handshake failed; returned -1, SSL error code 1, net_error -101
Aug 30, 2018 11:36:16.75 [25800:3864:0830/113616.753:ERROR:ssl_client_socket_impl.cc(996)] handshake failed; returned -1, SSL error code 1, net_error -101
Aug 30, 2018 11:48:40.14 [25800:3864:0830/114840.142:ERROR:ssl_client_socket_impl.cc(996)] handshake failed; returned -1, SSL error code 1, net_error -101
Aug 30, 2018 11:48:40.53 [25800:3864:0830/114840.536:ERROR:ssl_client_socket_impl.cc(996)] handshake failed; returned -1, SSL error code 1, net_error -101
Aug 30, 2018 11:48:40.54 [25800:3864:0830/114840.536:ERROR:ssl_client_socket_impl.cc(996)] handshake failed; returned -1, SSL error code 1, net_error -101
Aug 30, 2018 11:48:49.14 [25800:3864:0830/114849.145:ERROR:ssl_client_socket_impl.cc(996)] handshake failed; returned -1, SSL error code 1, net_error -101
Aug 30, 2018 11:48:49.39 [25800:3864:0830/114849.388:ERROR:ssl_client_socket_impl.cc(996)] handshake failed; returned -1, SSL error code 1, net_error -101
Aug 30, 2018 11:48:49.84 [25800:3864:0830/114849.843:ERROR:ssl_client_socket_impl.cc(996)] handshake failed; returned -1, SSL error code 1, net_error -101
Aug 30, 2018 11:48:52.79 [25800:3864:0830/114852.795:ERROR:ssl_client_socket_impl.cc(996)] handshake failed; returned -1, SSL error code 1, net_error -101
Aug 30, 2018 11:48:52.84 [25800:3864:0830/114852.840:ERROR:ssl_client_socket_impl.cc(996)] handshake failed; returned -1, SSL error code 1, net_error -101
Aug 30, 2018 11:48:59.42 [25800:3864:0830/114859.424:ERROR:ssl_client_socket_impl.cc(996)] handshake failed; returned -1, SSL error code 1, net_error -101
Aug 30, 2018 11:48:59.74 [25800:3864:0830/114859.744:ERROR:ssl_client_socket_impl.cc(996)] handshake failed; returned -1, SSL error code 1, net_error -101
Aug 30, 2018 11:48:59.74 [25800:3864:0830/114859.744:ERROR:ssl_client_socket_impl.cc(996)] handshake failed; returned -1, SSL error code 1, net_error -101
Aug 30, 2018 11:49:11.99 [25800:3864:0830/114911.994:ERROR:ssl_client_socket_impl.cc(996)] handshake failed; returned -1, SSL error code 1, net_error -101
Aug 30, 2018 11:49:12.01 [25800:3864:0830/114912.015:ERROR:ssl_client_socket_impl.cc(996)] handshake failed; returned -1, SSL error code 1, net_error -101
Aug 30, 2018 11:49:19.93 [25800:3864:0830/114919.932:ERROR:ssl_client_socket_impl.cc(996)] handshake failed; returned -1, SSL error code 1, net_error -101
Aug 30, 2018 11:49:21.41 [25800:3864:0830/114921.407:ERROR:ssl_client_socket_impl.cc(996)] handshake failed; returned -1, SSL error code 1, net_error -101
Aug 30, 2018 11:49:23.04 [25800:3864:0830/114923.043:ERROR:ssl_client_socket_impl.cc(996)] handshake failed; returned -1, SSL error code 1, net_error -101
Aug 30, 2018 11:49:39.17 [25800:3864:0830/114939.168:ERROR:ssl_client_socket_impl.cc(996)] handshake failed; returned -1, SSL error code 1, net_error -101
Aug 30, 2018 11:52:14.40 [25800:3864:0830/115214.406:ERROR:ssl_client_socket_impl.cc(996)] handshake failed; returned -1, SSL error code 1, net_error -101
Aug 30, 2018 11:52:14.58 [25800:3864:0830/115214.588:ERROR:ssl_client_socket_impl.cc(996)] handshake failed; returned -1, SSL error code 1, net_error -101
Aug 30, 2018 11:52:14.59 [25800:3864:0830/115214.596:ERROR:ssl_client_socket_impl.cc(996)] handshake failed; returned -1, SSL error code 1, net_error -101
Aug 30, 2018 11:52:14.60 [25800:3864:0830/115214.600:ERROR:ssl_client_socket_impl.cc(996)] handshake failed; returned -1, SSL error code 1, net_error -101
Aug 30, 2018 11:52:14.60 [25800:3864:0830/115214.601:ERROR:ssl_client_socket_impl.cc(996)] handshake failed; returned -1, SSL error code 1, net_error -101
Aug 30, 2018 11:52:14.60 [25800:3864:0830/115214.601:ERROR:ssl_client_socket_impl.cc(996)] handshake failed; returned -1, SSL error code 1, net_error -101
Aug 30, 2018 11:52:17.40 [25800:3864:0830/115217.406:ERROR:ssl_client_socket_impl.cc(996)] handshake failed; returned -1, SSL error code 1, net_error -101
Aug 30, 2018 11:52:17.41 [25800:3864:0830/115217.416:ERROR:ssl_client_socket_impl.cc(996)] handshake failed; returned -1, SSL error code 1, net_error -101
Aug 30, 2018 11:52:33.55 [25800:3864:0830/115233.553:ERROR:ssl_client_socket_impl.cc(996)] handshake failed; returned -1, SSL error code 1, net_error -101
Aug 30, 2018 11:52:33.74 [25800:3864:0830/115233.745:ERROR:ssl_client_socket_impl.cc(996)] handshake failed; returned -1, SSL error code 1, net_error -101
Aug 30, 2018 11:52:33.75 [25800:3864:0830/115233.756:ERROR:ssl_client_socket_impl.cc(996)] handshake failed; returned -1, SSL error code 1, net_error -101
Aug 30, 2018 11:52:33.76 [25800:3864:0830/115233.757:ERROR:ssl_client_socket_impl.cc(996)] handshake failed; returned -1, SSL error code 1, net_error -101
Aug 30, 2018 11:52:33.76 [25800:3864:0830/115233.763:ERROR:ssl_client_socket_impl.cc(996)] handshake failed; returned -1, SSL error code 1, net_error -101
Aug 30, 2018 11:52:33.77 [25800:3864:0830/115233.777:ERROR:ssl_client_socket_impl.cc(996)] handshake failed; returned -1, SSL error code 1, net_error -101
Aug 30, 2018 11:52:36.56 [25800:3864:0830/115236.560:ERROR:ssl_client_socket_impl.cc(996)] handshake failed; returned -1, SSL error code 1, net_error -101
Aug 30, 2018 11:52:36.57 [25800:3864:0830/115236.574:ERROR:ssl_client_socket_impl.cc(996)] handshake failed; returned -1, SSL error code 1, net_error -101
Aug 30, 2018 11:54:00.96 [25800:3864:0830/115400.957:ERROR:ssl_client_socket_impl.cc(996)] handshake failed; returned -1, SSL error code 1, net_error -101
Aug 30, 2018 11:54:00.96 [25800:3864:0830/115400.957:ERROR:ssl_client_socket_impl.cc(996)] handshake failed; returned -1, SSL error code 1, net_error -101
Aug 30, 2018 11:54:00.96 [25800:3864:0830/115400.961:ERROR:ssl_client_socket_impl.cc(996)] handshake failed; returned -1, SSL error code 1, net_error -101
Aug 30, 2018 11:54:00.96 [25800:3864:0830/115400.962:ERROR:ssl_client_socket_impl.cc(996)] handshake failed; returned -1, SSL error code 1, net_error -101
Aug 30, 2018 11:54:00.97 [25800:3864:0830/115400.966:ERROR:ssl_client_socket_impl.cc(996)] handshake failed; returned -1, SSL error code 1, net_error -101
Aug 30, 2018 11:54:20.12 [25800:3864:0830/115420.119:ERROR:ssl_client_socket_impl.cc(996)] handshake failed; returned -1, SSL error code 1, net_error -101
Aug 30, 2018 11:54:20.12 [25800:3864:0830/115420.122:ERROR:ssl_client_socket_impl.cc(996)] handshake failed; returned -1, SSL error code 1, net_error -101
Aug 30, 2018 11:54:20.12 [25800:3864:0830/115420.123:ERROR:ssl_client_socket_impl.cc(996)] handshake failed; returned -1, SSL error code 1, net_error -101
Aug 30, 2018 11:54:20.12 [25800:3864:0830/115420.129:ERROR:ssl_client_socket_impl.cc(996)] handshake failed; returned -1, SSL error code 1, net_error -101
Aug 30, 2018 11:54:20.20 [25800:3864:0830/115420.205:ERROR:ssl_client_socket_impl.cc(996)] handshake failed; returned -1, SSL error code 1, net_error -101
Aug 30, 2018 11:54:33.38 [25800:3864:0830/115433.381:ERROR:ssl_client_socket_impl.cc(996)] handshake failed; returned -1, SSL error code 1, net_error -101
Aug 30, 2018 11:54:33.48 [25800:3864:0830/115433.481:ERROR:ssl_client_socket_impl.cc(996)] handshake failed; returned -1, SSL error code 1, net_error -101
Aug 30, 2018 11:54:33.53 [25800:3864:0830/115433.538:ERROR:ssl_client_socket_impl.cc(996)] handshake failed; returned -1, SSL error code 1, net_error -101
Aug 30, 2018 11:54:33.53 [25800:3864:0830/115433.538:ERROR:ssl_client_socket_impl.cc(996)] handshake failed; returned -1, SSL error code 1, net_error -101
Aug 30, 2018 11:54:33.54 [25800:3864:0830/115433.538:ERROR:ssl_client_socket_impl.cc(996)] handshake failed; returned -1, SSL error code 1, net_error -101
Aug 30, 2018 11:54:33.54 [25800:3864:0830/115433.546:ERROR:ssl_client_socket_impl.cc(996)] handshake failed; returned -1, SSL error code 1, net_error -101
Aug 30, 2018 11:54:34.03 [25800:3864:0830/115434.037:ERROR:ssl_client_socket_impl.cc(996)] handshake failed; returned -1, SSL error code 1, net_error -101
Aug 30, 2018 11:54:36.54 [25800:3864:0830/115436.543:ERROR:ssl_client_socket_impl.cc(996)] handshake failed; returned -1, SSL error code 1, net_error -101
Aug 30, 2018 11:54:52.53 [25800:3864:0830/115452.534:ERROR:ssl_client_socket_impl.cc(996)] handshake failed; returned -1, SSL error code 1, net_error -101
Aug 30, 2018 11:54:52.64 [25800:3864:0830/115452.645:ERROR:ssl_client_socket_impl.cc(996)] handshake failed; returned -1, SSL error code 1, net_error -101
Aug 30, 2018 11:54:52.69 [25800:3864:0830/115452.690:ERROR:ssl_client_socket_impl.cc(996)] handshake failed; returned -1, SSL error code 1, net_error -101
Aug 30, 2018 11:54:52.69 [25800:3864:0830/115452.690:ERROR:ssl_client_socket_impl.cc(996)] handshake failed; returned -1, SSL error code 1, net_error -101
Aug 30, 2018 11:54:52.70 [25800:3864:0830/115452.701:ERROR:ssl_client_socket_impl.cc(996)] handshake failed; returned -1, SSL error code 1, net_error -101
Aug 30, 2018 11:54:52.70 [25800:3864:0830/115452.709:ERROR:ssl_client_socket_impl.cc(996)] handshake failed; returned -1, SSL error code 1, net_error -101
Aug 30, 2018 11:54:53.20 [25800:3864:0830/115453.201:ERROR:ssl_client_socket_impl.cc(996)] handshake failed; returned -1, SSL error code 1, net_error -101
Aug 30, 2018 11:54:55.76 [25800:3864:0830/115455.760:ERROR:ssl_client_socket_impl.cc(996)] handshake failed; returned -1, SSL error code 1, net_error -101
Aug 30, 2018 12:26:09.04 [25800:3864:0830/122609.044:ERROR:ssl_client_socket_impl.cc(996)] handshake failed; returned -1, SSL error code 1, net_error -101
Aug 30, 2018 12:26:09.14 [25800:3864:0830/122609.142:ERROR:ssl_client_socket_impl.cc(996)] handshake failed; returned -1, SSL error code 1, net_error -101
Aug 30, 2018 12:26:09.14 [25800:3864:0830/122609.143:ERROR:ssl_client_socket_impl.cc(996)] handshake failed; returned -1, SSL error code 1, net_error -101
Aug 30, 2018 12:26:09.14 [25800:3864:0830/122609.143:ERROR:ssl_client_socket_impl.cc(996)] handshake failed; returned -1, SSL error code 1, net_error -101
Aug 30, 2018 12:26:09.15 [25800:3864:0830/122609.156:ERROR:ssl_client_socket_impl.cc(996)] handshake failed; returned -1, SSL error code 1, net_error -101
Aug 30, 2018 12:26:09.16 [25800:3864:0830/122609.160:ERROR:ssl_client_socket_impl.cc(996)] handshake failed; returned -1, SSL error code 1, net_error -101
Aug 30, 2018 12:26:11.96 [25800:3864:0830/122611.960:ERROR:ssl_client_socket_impl.cc(996)] handshake failed; returned -1, SSL error code 1, net_error -101
Aug 30, 2018 12:26:12.10 [25800:3864:0830/122612.099:ERROR:ssl_client_socket_impl.cc(996)] handshake failed; returned -1, SSL error code 1, net_error -101
Aug 30, 2018 12:26:28.25 [25800:3864:0830/122628.256:ERROR:ssl_client_socket_impl.cc(996)] handshake failed; returned -1, SSL error code 1, net_error -101
Aug 30, 2018 12:26:28.30 [25800:3864:0830/122628.306:ERROR:ssl_client_socket_impl.cc(996)] handshake failed; returned -1, SSL error code 1, net_error -101
Aug 30, 2018 12:26:28.31 [25800:3864:0830/122628.306:ERROR:ssl_client_socket_impl.cc(996)] handshake failed; returned -1, SSL error code 1, net_error -101
Aug 30, 2018 12:26:28.31 [25800:3864:0830/122628.311:ERROR:ssl_client_socket_impl.cc(996)] handshake failed; returned -1, SSL error code 1, net_error -101
Aug 30, 2018 12:26:28.31 [25800:3864:0830/122628.315:ERROR:ssl_client_socket_impl.cc(996)] handshake failed; returned -1, SSL error code 1, net_error -101
Aug 30, 2018 12:26:28.32 [25800:3864:0830/122628.327:ERROR:ssl_client_socket_impl.cc(996)] handshake failed; returned -1, SSL error code 1, net_error -101
Aug 30, 2018 12:26:31.11 [25800:3864:0830/122631.111:ERROR:ssl_client_socket_impl.cc(996)] handshake failed; returned -1, SSL error code 1, net_error -101
Aug 30, 2018 12:26:31.24 [25800:3864:0830/122631.249:ERROR:ssl_client_socket_impl.cc(996)] handshake failed; returned -1, SSL error code 1, net_error -101
Aug 30, 2018 12:26:47.45 [25800:3864:0830/122647.447:ERROR:ssl_client_socket_impl.cc(996)] handshake failed; returned -1, SSL error code 1, net_error -101
Aug 30, 2018 12:26:47.47 [25800:3864:0830/122647.473:ERROR:ssl_client_socket_impl.cc(996)] handshake failed; returned -1, SSL error code 1, net_error -101
Aug 30, 2018 12:27:06.60 [25800:3864:0830/122706.603:ERROR:ssl_client_socket_impl.cc(996)] handshake failed; returned -1, SSL error code 1, net_error -101
Aug 30, 2018 12:27:06.62 [25800:3864:0830/122706.620:ERROR:ssl_client_socket_impl.cc(996)] handshake failed; returned -1, SSL error code 1, net_error -101
Aug 30, 2018 13:01:51.10 [25800:3864:0830/130151.106:ERROR:socket_stream.cc(210)] Closing stream with result -101
Aug 30, 2018 13:01:51.12 [25800:3864:0830/130151.122:ERROR:connection_factory_impl.cc(403)] Failed to connect to MCS endpoint with error -21
Aug 30, 2018 13:01:52.63 [25800:3864:0830/130152.631:ERROR:connection_factory_impl.cc(403)] Failed to connect to MCS endpoint with error -106
Aug 30, 2018 14:25:31.49 [25800:3864:0830/142531.499:ERROR:connection_factory_impl.cc(403)] Failed to connect to MCS endpoint with error -106
Aug 30, 2018 14:25:33.16 [25800:20356:0830/142531.793:ERROR:gcm_channel_status_request.cc(127)] GCM channel request failed.
Aug 30, 2018 14:25:53.63 [25800:20356:0830/142553.630:ERROR:gcm_channel_status_request.cc(127)] GCM channel request failed.
Aug 30, 2018 14:26:52.84 [25800:20356:0830/142652.849:ERROR:gcm_channel_status_request.cc(127)] GCM channel request failed.
Aug 30, 2018 14:26:53.34 [25800:3864:0830/142653.349:ERROR:connection_factory_impl.cc(403)] Failed to connect to MCS endpoint with error -105

Sep 19, 2018 15:21:53.69 NEW SESSION
Sep 19, 2018 15:21:53.69 [12268:5384:0919/152153.675:ERROR:install_util.cc(629)] Failed to read HKLM\SOFTWARE\Policies\Google\Chrome\MachineLevelUserCloudPolicyEnrollmentToken: The system cannot find the file specified. (0x2)
Sep 19, 2018 15:22:29.01 [12268:5384:0919/152229.012:ERROR:textfield.cc(1763)] NOT IMPLEMENTED
Sep 19, 2018 15:46:17.12 [7708:14364:0919/154617.122:ERROR:install_util.cc(629)] Failed to read HKLM\SOFTWARE\Policies\Google\Chrome\MachineLevelUserCloudPolicyEnrollmentToken: The system cannot find the file specified. (0x2)
Sep 19, 2018 16:25:24.78 [7708:14364:0919/162524.785:ERROR:gcm_channel_status_request.cc(151)] GCM channel request failed.
Sep 19, 2018 16:25:30.19 [7708:10272:0919/162530.194:ERROR:ssl_client_socket_impl.cc(1050)] handshake failed; returned -1, SSL error code 1, net_error -100
Sep 19, 2018 16:25:34.21 [7708:10272:0919/162534.214:ERROR:ssl_client_socket_impl.cc(1050)] handshake failed; returned -1, SSL error code 1, net_error -100
Sep 19, 2018 16:25:37.67 [7708:10272:0919/162537.672:ERROR:ssl_client_socket_impl.cc(1050)] handshake failed; returned -1, SSL error code 1, net_error -100
Sep 19, 2018 16:25:47.72 [7708:10272:0919/162547.726:ERROR:ssl_client_socket_impl.cc(1050)] handshake failed; returned -1, SSL error code 1, net_error -100
Sep 19, 2018 16:25:51.42 [7708:14364:0919/162551.422:ERROR:gcm_channel_status_request.cc(151)] GCM channel request failed.
Sep 19, 2018 16:57:42.67 [13900:14980:0919/165742.677:ERROR:install_util.cc(629)] Failed to read HKLM\SOFTWARE\Policies\Google\Chrome\MachineLevelUserCloudPolicyEnrollmentToken: The system cannot find the file specified. (0x2)

Sep 20, 2018 10:22:38.30 NEW SESSION
Sep 20, 2018 10:22:38.30 [2004:16360:0920/102238.237:ERROR:install_util.cc(629)] Failed to read HKLM\SOFTWARE\Policies\Google\Chrome\MachineLevelUserCloudPolicyEnrollmentToken: The system cannot find the file specified. (0x2)
Sep 20, 2018 10:28:45.57 [2004:11272:0920/102845.571:ERROR:ssl_client_socket_impl.cc(1050)] handshake failed; returned -1, SSL error code 1, net_error -101
Sep 20, 2018 10:28:45.57 [2004:11272:0920/102845.573:ERROR:ssl_client_socket_impl.cc(1050)] handshake failed; returned -1, SSL error code 1, net_error -101
Sep 20, 2018 10:28:45.58 [2004:11272:0920/102845.576:ERROR:ssl_client_socket_impl.cc(1050)] handshake failed; returned -1, SSL error code 1, net_error -101
Sep 20, 2018 10:28:50.41 [2004:11272:0920/102850.414:ERROR:ssl_client_socket_impl.cc(1050)] handshake failed; returned -1, SSL error code 1, net_error -101
Sep 20, 2018 10:28:50.41 [2004:11272:0920/102850.416:ERROR:ssl_client_socket_impl.cc(1050)] handshake failed; returned -1, SSL error code 1, net_error -101
Sep 20, 2018 10:28:50.41 [2004:11272:0920/102850.416:ERROR:ssl_client_socket_impl.cc(1050)] handshake failed; returned -1, SSL error code 1, net_error -101
Sep 20, 2018 10:29:04.75 [2004:11272:0920/102904.756:ERROR:ssl_client_socket_impl.cc(1050)] handshake failed; returned -1, SSL error code 1, net_error -101
Sep 20, 2018 10:29:04.75 [2004:11272:0920/102904.756:ERROR:ssl_client_socket_impl.cc(1050)] handshake failed; returned -1, SSL error code 1, net_error -101
Sep 20, 2018 10:29:04.75 [2004:11272:0920/102904.758:ERROR:ssl_client_socket_impl.cc(1050)] handshake failed; returned -1, SSL error code 1, net_error -101
Sep 20, 2018 10:29:04.75 [2004:11272:0920/102904.759:ERROR:ssl_client_socket_impl.cc(1050)] handshake failed; returned -1, SSL error code 1, net_error -101
Sep 20, 2018 10:29:04.76 [2004:11272:0920/102904.759:ERROR:ssl_client_socket_impl.cc(1050)] handshake failed; returned -1, SSL error code 1, net_error -101
Sep 20, 2018 10:29:04.76 [2004:11272:0920/102904.761:ERROR:ssl_client_socket_impl.cc(1050)] handshake failed; returned -1, SSL error code 1, net_error -101
Sep 20, 2018 10:29:09.57 [2004:11272:0920/102909.577:ERROR:ssl_client_socket_impl.cc(1050)] handshake failed; returned -1, SSL error code 1, net_error -101
Sep 20, 2018 10:29:09.57 [2004:11272:0920/102909.577:ERROR:ssl_client_socket_impl.cc(1050)] handshake failed; returned -1, SSL error code 1, net_error -101
Sep 20, 2018 10:29:09.57 [2004:11272:0920/102909.579:ERROR:ssl_client_socket_impl.cc(1050)] handshake failed; returned -1, SSL error code 1, net_error -101
Sep 20, 2018 10:29:09.58 [2004:11272:0920/102909.579:ERROR:ssl_client_socket_impl.cc(1050)] handshake failed; returned -1, SSL error code 1, net_error -101
Sep 20, 2018 10:29:23.92 [2004:11272:0920/102923.920:ERROR:ssl_client_socket_impl.cc(1050)] handshake failed; returned -1, SSL error code 1, net_error -101
Sep 20, 2018 10:29:23.92 [2004:11272:0920/102923.921:ERROR:ssl_client_socket_impl.cc(1050)] handshake failed; returned -1, SSL error code 1, net_error -101
Sep 20, 2018 10:29:23.92 [2004:11272:0920/102923.922:ERROR:ssl_client_socket_impl.cc(1050)] handshake failed; returned -1, SSL error code 1, net_error -101
Sep 20, 2018 10:29:28.79 [2004:11272:0920/102928.790:ERROR:ssl_client_socket_impl.cc(1050)] handshake failed; returned -1, SSL error code 1, net_error -101
Sep 20, 2018 10:30:12.24 [2004:11272:0920/103012.243:ERROR:ssl_client_socket_impl.cc(1050)] handshake failed; returned -1, SSL error code 1, net_error -101
Sep 20, 2018 10:30:12.24 [2004:11272:0920/103012.247:ERROR:ssl_client_socket_impl.cc(1050)] handshake failed; returned -1, SSL error code 1, net_error -101
Sep 20, 2018 10:30:12.25 [2004:11272:0920/103012.247:ERROR:ssl_client_socket_impl.cc(1050)] handshake failed; returned -1, SSL error code 1, net_error -101
Sep 20, 2018 10:30:31.44 [2004:11272:0920/103031.440:ERROR:ssl_client_socket_impl.cc(1050)] handshake failed; returned -1, SSL error code 1, net_error -101
Sep 20, 2018 10:30:31.44 [2004:11272:0920/103031.441:ERROR:ssl_client_socket_impl.cc(1050)] handshake failed; returned -1, SSL error code 1, net_error -101
Sep 20, 2018 10:30:31.44 [2004:11272:0920/103031.445:ERROR:ssl_client_socket_impl.cc(1050)] handshake failed; returned -1, SSL error code 1, net_error -101
Sep 20, 2018 10:49:21.88 [2004:16360:0920/104921.888:ERROR:textfield.cc(1763)] NOT IMPLEMENTED
Sep 20, 2018 11:03:19.42 [12064:11012:0920/110319.419:ERROR:install_util.cc(629)] Failed to read HKLM\SOFTWARE\Policies\Google\Chrome\MachineLevelUserCloudPolicyEnrollmentToken: The system cannot find the file specified. (0x2)
Sep 20, 2018 11:07:46.64 [12064:14412:0920/110746.646:ERROR:socket_stream.cc(101)] Socket was disconnected, closing input stream
Sep 20, 2018 11:07:46.64 [12064:14412:0920/110746.646:ERROR:socket_stream.cc(210)] Closing stream with result -100
Sep 20, 2018 11:07:59.76 [12064:14412:0920/110759.758:ERROR:ssl_client_socket_impl.cc(1050)] handshake failed; returned -1, SSL error code 1, net_error -101
Sep 20, 2018 11:08:06.77 [12064:14412:0920/110806.769:ERROR:ssl_client_socket_impl.cc(1050)] handshake failed; returned -1, SSL error code 1, net_error -101
Sep 20, 2018 11:08:19.04 [12064:14412:0920/110819.045:ERROR:ssl_client_socket_impl.cc(1050)] handshake failed; returned -1, SSL error code 1, net_error -101
Sep 20, 2018 11:58:06.78 [12064:11012:0920/115806.779:ERROR:gcm_channel_status_request.cc(151)] GCM channel request failed.
Sep 20, 2018 11:58:08.33 [12064:14412:0920/115808.335:ERROR:connection_factory_impl.cc(396)] Failed to connect to MCS endpoint with error -21
Sep 20, 2018 11:58:12.04 [12064:14412:0920/115812.047:ERROR:ssl_client_socket_impl.cc(1050)] handshake failed; returned -1, SSL error code 1, net_error -100
Sep 20, 2018 11:58:12.04 [12064:14412:0920/115812.047:ERROR:connection_factory_impl.cc(396)] Failed to connect to MCS endpoint with error -100
Sep 20, 2018 11:58:12.22 [12064:14412:0920/115812.227:ERROR:ssl_client_socket_impl.cc(1050)] handshake failed; returned -1, SSL error code 1, net_error -100
Sep 20, 2018 11:58:16.24 [12064:14412:0920/115816.241:ERROR:ssl_client_socket_impl.cc(1050)] handshake failed; returned -1, SSL error code 1, net_error -100
Sep 20, 2018 11:58:17.82 [12064:14412:0920/115817.823:ERROR:connection_factory_impl.cc(396)] Failed to connect to MCS endpoint with error -21
Sep 20, 2018 11:58:19.41 [12064:14412:0920/115819.419:ERROR:ssl_client_socket_impl.cc(1050)] handshake failed; returned -1, SSL error code 1, net_error -100
Sep 20, 2018 11:58:19.42 [12064:14412:0920/115819.419:ERROR:connection_factory_impl.cc(396)] Failed to connect to MCS endpoint with error -100
Sep 20, 2018 11:58:19.64 [12064:14412:0920/115819.648:ERROR:ssl_client_socket_impl.cc(1050)] handshake failed; returned -1, SSL error code 1, net_error -100
Sep 20, 2018 11:58:31.99 [12064:14412:0920/115831.996:ERROR:ssl_client_socket_impl.cc(1050)] handshake failed; returned -1, SSL error code 1, net_error -100
Sep 20, 2018 11:58:35.88 [12064:11012:0920/115835.882:ERROR:gcm_channel_status_request.cc(151)] GCM channel request failed.
Sep 20, 2018 11:59:34.57 [12064:14412:0920/115934.575:ERROR:ssl_client_socket_impl.cc(1050)] handshake failed; returned -1, SSL error code 1, net_error -100
Sep 20, 2018 11:59:38.25 [12064:11012:0920/115938.255:ERROR:gcm_channel_status_request.cc(151)] GCM channel request failed.
Sep 20, 2018 12:01:14.33 [12064:14412:0920/120114.333:ERROR:ssl_client_socket_impl.cc(1050)] handshake failed; returned -1, SSL error code 1, net_error -100
Sep 20, 2018 12:01:18.01 [12064:11012:0920/120118.011:ERROR:gcm_channel_status_request.cc(151)] GCM channel request failed.
Sep 20, 2018 12:01:33.46 [12064:14412:0920/120133.465:ERROR:connection_factory_impl.cc(396)] Failed to connect to MCS endpoint with error -118
Sep 20, 2018 12:37:03.71 [12516:14156:0920/123703.718:ERROR:install_util.cc(629)] Failed to read HKLM\SOFTWARE\Policies\Google\Chrome\MachineLevelUserCloudPolicyEnrollmentToken: The system cannot find the file specified. (0x2)
Sep 20, 2018 12:37:03.91 [12516:14156:0920/123703.912:ERROR:in_progress_cache_impl.cc(192)] Cache is not initialized, cannot RetrieveEntry.
Sep 20, 2018 12:37:03.92 [12516:14156:0920/123703.912:ERROR:in_progress_cache_impl.cc(192)] Cache is not initialized, cannot RetrieveEntry.
Sep 20, 2018 12:37:03.92 [12516:14156:0920/123703.912:ERROR:in_progress_cache_impl.cc(192)] Cache is not initialized, cannot RetrieveEntry.
Sep 20, 2018 12:37:03.92 [12516:14156:0920/123703.912:ERROR:in_progress_cache_impl.cc(192)] Cache is not initialized, cannot RetrieveEntry.
Sep 20, 2018 12:37:03.92 [12516:14156:0920/123703.912:ERROR:in_progress_cache_impl.cc(192)] Cache is not initialized, cannot RetrieveEntry.
Sep 20, 2018 12:37:03.92 [12516:14156:0920/123703.912:ERROR:in_progress_cache_impl.cc(192)] Cache is not initialized, cannot RetrieveEntry.
Sep 20, 2018 12:37:04.04 [12516:16140:0920/123704.045:ERROR:ssl_client_socket_impl.cc(1050)] handshake failed; returned -1, SSL error code 1, net_error -100
Sep 20, 2018 12:37:04.06 [12516:16140:0920/123704.062:ERROR:ssl_client_socket_impl.cc(1050)] handshake failed; returned -1, SSL error code 1, net_error -100
Sep 20, 2018 12:37:04.62 [12516:16140:0920/123704.620:ERROR:ssl_client_socket_impl.cc(1050)] handshake failed; returned -1, SSL error code 1, net_error -100
Sep 20, 2018 12:37:09.82 [12516:16140:0920/123709.822:ERROR:ssl_client_socket_impl.cc(1050)] handshake failed; returned -1, SSL error code 1, net_error -100
Sep 20, 2018 12:37:13.84 [12516:16140:0920/123713.846:ERROR:ssl_client_socket_impl.cc(1050)] handshake failed; returned -1, SSL error code 1, net_error -100
Sep 20, 2018 12:37:13.86 [12516:16140:0920/123713.866:ERROR:ssl_client_socket_impl.cc(1050)] handshake failed; returned -1, SSL error code 1, net_error -100
Sep 20, 2018 12:37:13.87 [12516:16140:0920/123713.871:ERROR:ssl_client_socket_impl.cc(1050)] handshake failed; returned -1, SSL error code 1, net_error -100
Sep 20, 2018 12:37:13.88 [12516:16140:0920/123713.883:ERROR:ssl_client_socket_impl.cc(1050)] handshake failed; returned -1, SSL error code 1, net_error -100
Sep 20, 2018 12:37:16.52 [12516:16140:0920/123716.522:ERROR:ssl_client_socket_impl.cc(1050)] handshake failed; returned -1, SSL error code 1, net_error -100
Sep 20, 2018 12:37:28.62 [12516:16140:0920/123728.624:ERROR:ssl_client_socket_impl.cc(1050)] handshake failed; returned -1, SSL error code 1, net_error -100
Sep 20, 2018 12:37:59.46 [12516:16140:0920/123759.459:ERROR:ssl_client_socket_impl.cc(1050)] handshake failed; returned -1, SSL error code 1, net_error -100
Sep 20, 2018 12:38:48.29 [12516:16140:0920/123848.290:ERROR:ssl_client_socket_impl.cc(1050)] handshake failed; returned -1, SSL error code 1, net_error -100
Sep 20, 2018 12:38:48.32 [12516:16140:0920/123848.318:ERROR:ssl_client_socket_impl.cc(1050)] handshake failed; returned -1, SSL error code 1, net_error -100
Sep 20, 2018 12:39:12.61 [12516:16140:0920/123912.616:ERROR:ssl_client_socket_impl.cc(1050)] handshake failed; returned -1, SSL error code 1, net_error -100
Sep 20, 2018 12:42:15.10 [12516:16140:0920/124215.100:ERROR:ssl_client_socket_impl.cc(1050)] handshake failed; returned -1, SSL error code 1, net_error -100
Sep 20, 2018 12:42:15.45 [12516:16140:0920/124215.451:ERROR:ssl_client_socket_impl.cc(1050)] handshake failed; returned -1, SSL error code 1, net_error -100
Sep 20, 2018 12:42:15.63 [12516:16140:0920/124215.631:ERROR:ssl_client_socket_impl.cc(1050)] handshake failed; returned -1, SSL error code 1, net_error -100
Sep 20, 2018 12:42:15.63 [12516:16140:0920/124215.631:ERROR:ssl_client_socket_impl.cc(1050)] handshake failed; returned -1, SSL error code 1, net_error -100
Sep 20, 2018 12:42:15.63 [12516:16140:0920/124215.631:ERROR:ssl_client_socket_impl.cc(1050)] handshake failed; returned -1, SSL error code 1, net_error -100
Sep 20, 2018 12:42:15.63 [12516:16140:0920/124215.631:ERROR:ssl_client_socket_impl.cc(1050)] handshake failed; returned -1, SSL error code 1, net_error -100
Sep 20, 2018 12:42:16.57 [12516:16140:0920/124216.578:ERROR:ssl_client_socket_impl.cc(1050)] handshake failed; returned -1, SSL error code 1, net_error -100
Sep 20, 2018 12:42:16.58 [12516:16140:0920/124216.588:ERROR:ssl_client_socket_impl.cc(1050)] handshake failed; returned -1, SSL error code 1, net_error -100
Sep 20, 2018 12:42:16.70 [12516:16140:0920/124216.707:ERROR:ssl_client_socket_impl.cc(1050)] handshake failed; returned -1, SSL error code 1, net_error -100
Sep 20, 2018 12:42:17.09 [12516:16140:0920/124217.091:ERROR:ssl_client_socket_impl.cc(1050)] handshake failed; returned -1, SSL error code 1, net_error -100
Sep 20, 2018 12:42:17.19 [12516:16140:0920/124217.191:ERROR:ssl_client_socket_impl.cc(1050)] handshake failed; returned -1, SSL error code 1, net_error -100
Sep 20, 2018 12:42:18.14 [12516:16140:0920/124218.142:ERROR:ssl_client_socket_impl.cc(1050)] handshake failed; returned -1, SSL error code 1, net_error -100
Sep 20, 2018 12:42:18.67 [12516:16140:0920/124218.678:ERROR:ssl_client_socket_impl.cc(1050)] handshake failed; returned -1, SSL error code 1, net_error -100
Sep 20, 2018 12:42:19.69 [12516:16140:0920/124219.696:ERROR:ssl_client_socket_impl.cc(1050)] handshake failed; returned -1, SSL error code 1, net_error -100
Sep 20, 2018 12:42:19.70 [12516:16140:0920/124219.703:ERROR:ssl_client_socket_impl.cc(1050)] handshake failed; returned -1, SSL error code 1, net_error -100
Sep 20, 2018 12:42:20.21 [12516:16140:0920/124220.213:ERROR:ssl_client_socket_impl.cc(1050)] handshake failed; returned -1, SSL error code 1, net_error -100
Sep 20, 2018 12:42:23.98 [12516:16140:0920/124223.979:ERROR:ssl_client_socket_impl.cc(1050)] handshake failed; returned -1, SSL error code 1, net_error -100
Sep 20, 2018 12:42:28.27 [12516:16140:0920/124228.269:ERROR:ssl_client_socket_impl.cc(1050)] handshake failed; returned -1, SSL error code 1, net_error -100
Sep 20, 2018 12:42:31.95 [12516:14156:0920/124231.949:ERROR:gcm_channel_status_request.cc(151)] GCM channel request failed.
Sep 20, 2018 12:42:33.08 [12516:16140:0920/124233.083:ERROR:ssl_client_socket_impl.cc(1050)] handshake failed; returned -1, SSL error code 1, net_error -100
Sep 20, 2018 12:42:38.45 [12516:16140:0920/124238.448:ERROR:ssl_client_socket_impl.cc(1050)] handshake failed; returned -1, SSL error code 1, net_error -100
Sep 20, 2018 12:51:32.87 [14964:7740:0920/125132.868:ERROR:install_util.cc(629)] Failed to read HKLM\SOFTWARE\Policies\Google\Chrome\MachineLevelUserCloudPolicyEnrollmentToken: The system cannot find the file specified. (0x2)

Sep 20, 2018 15:14:04.30 NEW SESSION
Sep 20, 2018 15:14:04.30 [9132:13168:0920/151404.282:ERROR:install_util.cc(629)] Failed to read HKLM\SOFTWARE\Policies\Google\Chrome\MachineLevelUserCloudPolicyEnrollmentToken: The system cannot find the file specified. (0x2)
Sep 20, 2018 16:24:20.49 [9132:2516:0920/162420.496:ERROR:ssl_client_socket_impl.cc(1050)] handshake failed; returned -1, SSL error code 1, net_error -100
Sep 20, 2018 16:24:20.50 [9132:2516:0920/162420.508:ERROR:ssl_client_socket_impl.cc(1050)] handshake failed; returned -1, SSL error code 1, net_error -100
Sep 20, 2018 16:24:23.95 [9132:2516:0920/162423.951:ERROR:ssl_client_socket_impl.cc(1050)] handshake failed; returned -1, SSL error code 1, net_error -100
Sep 20, 2018 16:24:37.03 [9132:2516:0920/162437.032:ERROR:ssl_client_socket_impl.cc(1050)] handshake failed; returned -1, SSL error code 1, net_error -100
Sep 20, 2018 16:24:37.07 [9132:2516:0920/162437.073:ERROR:ssl_client_socket_impl.cc(1050)] handshake failed; returned -1, SSL error code 1, net_error -100
Sep 20, 2018 16:24:37.07 [9132:2516:0920/162437.073:ERROR:ssl_client_socket_impl.cc(1050)] handshake failed; returned -1, SSL error code 1, net_error -100
Sep 20, 2018 16:24:37.07 [9132:2516:0920/162437.073:ERROR:ssl_client_socket_impl.cc(1050)] handshake failed; returned -1, SSL error code 1, net_error -100
Sep 20, 2018 16:24:37.08 [9132:2516:0920/162437.089:ERROR:ssl_client_socket_impl.cc(1050)] handshake failed; returned -1, SSL error code 1, net_error -100
Sep 20, 2018 16:24:41.01 [9132:2516:0920/162441.011:ERROR:ssl_client_socket_impl.cc(1050)] handshake failed; returned -1, SSL error code 1, net_error -100
Sep 20, 2018 16:24:41.01 [9132:2516:0920/162441.011:ERROR:ssl_client_socket_impl.cc(1050)] handshake failed; returned -1, SSL error code 1, net_error -100
Sep 20, 2018 16:28:50.80 [9132:2516:0920/162850.808:ERROR:ssl_client_socket_impl.cc(1050)] handshake failed; returned -1, SSL error code 1, net_error -100
Sep 20, 2018 16:29:38.99 [9132:2516:0920/162938.991:ERROR:ssl_client_socket_impl.cc(1050)] handshake failed; returned -1, SSL error code 1, net_error -100
Sep 20, 2018 16:53:32.31 [5332:1424:0920/165332.313:ERROR:install_util.cc(629)] Failed to read HKLM\SOFTWARE\Policies\Google\Chrome\MachineLevelUserCloudPolicyEnrollmentToken: The system cannot find the file specified. (0x2)
Sep 20, 2018 17:14:09.41 [1304:4852:0920/171409.408:ERROR:install_util.cc(629)] Failed to read HKLM\SOFTWARE\Policies\Google\Chrome\MachineLevelUserCloudPolicyEnrollmentToken: The system cannot find the file specified. (0x2)
Sep 20, 2018 17:14:28.60 [14524:10584:0920/171428.602:ERROR:install_util.cc(629)] Failed to read HKLM\SOFTWARE\Policies\Google\Chrome\MachineLevelUserCloudPolicyEnrollmentToken: The system cannot find the file specified. (0x2)

Sep 21, 2018 11:15:57.15 NEW SESSION
Sep 21, 2018 11:15:57.15 [7588:9896:0921/111557.121:ERROR:install_util.cc(629)] Failed to read HKLM\SOFTWARE\Policies\Google\Chrome\MachineLevelUserCloudPolicyEnrollmentToken: The system cannot find the file specified. (0x2)
Sep 21, 2018 11:17:05.40 [9796:13388:0921/111705.407:ERROR:install_util.cc(629)] Failed to read HKLM\SOFTWARE\Policies\Google\Chrome\MachineLevelUserCloudPolicyEnrollmentToken: The system cannot find the file specified. (0x2)
Sep 21, 2018 11:55:00.79 [9796:13388:0921/115500.791:ERROR:gcm_channel_status_request.cc(151)] GCM channel request failed.
Sep 21, 2018 11:55:05.36 [9796:3324:0921/115505.361:ERROR:ssl_client_socket_impl.cc(1050)] handshake failed; returned -1, SSL error code 1, net_error -100
Sep 21, 2018 11:55:25.19 [9796:3324:0921/115525.193:ERROR:ssl_client_socket_impl.cc(1050)] handshake failed; returned -1, SSL error code 1, net_error -100
Sep 21, 2018 11:55:28.94 [9796:13388:0921/115528.949:ERROR:gcm_channel_status_request.cc(151)] GCM channel request failed.
Sep 21, 2018 14:13:25.01 [14936:8472:0921/141325.011:ERROR:install_util.cc(629)] Failed to read HKLM\SOFTWARE\Policies\Google\Chrome\MachineLevelUserCloudPolicyEnrollmentToken: The system cannot find the file specified. (0x2)
Sep 21, 2018 14:16:43.91 [14936:7092:0921/141643.911:ERROR:ssl_client_socket_impl.cc(1050)] handshake failed; returned -1, SSL error code 1, net_error -100
Sep 21, 2018 14:16:43.93 [14936:7092:0921/141643.933:ERROR:ssl_client_socket_impl.cc(1050)] handshake failed; returned -1, SSL error code 1, net_error -100
Sep 21, 2018 14:19:25.82 [14936:7092:0921/141925.823:ERROR:ssl_client_socket_impl.cc(1050)] handshake failed; returned -1, SSL error code 1, net_error -100
Sep 21, 2018 14:19:25.84 [14936:7092:0921/141925.841:ERROR:ssl_client_socket_impl.cc(1050)] handshake failed; returned -1, SSL error code 1, net_error -100
Sep 21, 2018 14:20:09.98 [14936:7092:0921/142009.978:ERROR:ssl_client_socket_impl.cc(1050)] handshake failed; returned -1, SSL error code 1, net_error -100
Sep 21, 2018 14:20:10.55 [14936:7092:0921/142010.553:ERROR:ssl_client_socket_impl.cc(1050)] handshake failed; returned -1, SSL error code 1, net_error -100
Sep 21, 2018 14:20:14.71 [14936:7092:0921/142014.715:ERROR:ssl_client_socket_impl.cc(1050)] handshake failed; returned -1, SSL error code 1, net_error -100
Sep 21, 2018 14:20:15.71 [14936:7092:0921/142015.708:ERROR:ssl_client_socket_impl.cc(1050)] handshake failed; returned -1, SSL error code 1, net_error -100
Sep 21, 2018 14:20:15.73 [14936:7092:0921/142015.734:ERROR:ssl_client_socket_impl.cc(1050)] handshake failed; returned -1, SSL error code 1, net_error -100
Sep 21, 2018 14:37:54.35 [13392:9984:0921/143754.354:ERROR:install_util.cc(629)] Failed to read HKLM\SOFTWARE\Policies\Google\Chrome\MachineLevelUserCloudPolicyEnrollmentToken: The system cannot find the file specified. (0x2)
Sep 21, 2018 14:39:34.15 [13392:8644:0921/143934.157:ERROR:ssl_client_socket_impl.cc(1050)] handshake failed; returned -1, SSL error code 1, net_error -101
Sep 21, 2018 14:39:34.60 [13392:8644:0921/143934.602:ERROR:ssl_client_socket_impl.cc(1050)] handshake failed; returned -1, SSL error code 1, net_error -101
Sep 21, 2018 14:39:34.60 [13392:8644:0921/143934.605:ERROR:ssl_client_socket_impl.cc(1050)] handshake failed; returned -1, SSL error code 1, net_error -101
Sep 21, 2018 14:39:34.60 [13392:8644:0921/143934.606:ERROR:ssl_client_socket_impl.cc(1050)] handshake failed; returned -1, SSL error code 1, net_error -101
Sep 21, 2018 14:39:34.60 [13392:8644:0921/143934.607:ERROR:ssl_client_socket_impl.cc(1050)] handshake failed; returned -1, SSL error code 1, net_error -101
Sep 21, 2018 14:39:34.61 [13392:8644:0921/143934.609:ERROR:ssl_client_socket_impl.cc(1050)] handshake failed; returned -1, SSL error code 1, net_error -101
Sep 21, 2018 14:39:53.40 [13392:8644:0921/143953.399:ERROR:ssl_client_socket_impl.cc(1050)] handshake failed; returned -1, SSL error code 1, net_error -101
Sep 21, 2018 14:39:53.40 [13392:8644:0921/143953.402:ERROR:ssl_client_socket_impl.cc(1050)] handshake failed; returned -1, SSL error code 1, net_error -101
Sep 21, 2018 14:39:53.81 [13392:8644:0921/143953.813:ERROR:ssl_client_socket_impl.cc(1050)] handshake failed; returned -1, SSL error code 1, net_error -101
Sep 21, 2018 14:39:53.81 [13392:8644:0921/143953.816:ERROR:ssl_client_socket_impl.cc(1050)] handshake failed; returned -1, SSL error code 1, net_error -101
Sep 21, 2018 14:39:53.81 [13392:8644:0921/143953.817:ERROR:ssl_client_socket_impl.cc(1050)] handshake failed; returned -1, SSL error code 1, net_error -101
Sep 21, 2018 14:39:53.82 [13392:8644:0921/143953.819:ERROR:ssl_client_socket_impl.cc(1050)] handshake failed; returned -1, SSL error code 1, net_error -101
Sep 21, 2018 14:39:53.85 [13392:8644:0921/143953.853:ERROR:ssl_client_socket_impl.cc(1050)] handshake failed; returned -1, SSL error code 1, net_error -101
Sep 21, 2018 14:39:53.86 [13392:8644:0921/143953.863:ERROR:ssl_client_socket_impl.cc(1050)] handshake failed; returned -1, SSL error code 1, net_error -101

Sep 24, 2018 12:50:13.50 NEW SESSION
Sep 24, 2018 12:50:13.50 [2828:2860:0924/125013.447:ERROR:install_util.cc(629)] Failed to read HKLM\SOFTWARE\Policies\Google\Chrome\MachineLevelUserCloudPolicyEnrollmentToken: The system cannot find the file specified. (0x2)
Sep 24, 2018 13:36:42.52 [2828:10540:0924/133642.519:ERROR:ssl_client_socket_impl.cc(1050)] handshake failed; returned -1, SSL error code 1, net_error -100
Sep 24, 2018 13:36:45.94 [2828:10540:0924/133645.946:ERROR:ssl_client_socket_impl.cc(1050)] handshake failed; returned -1, SSL error code 1, net_error -100

Sep 24, 2018 14:16:07.49 NEW SESSION
Sep 24, 2018 14:16:07.49 [12104:11976:0924/141607.407:ERROR:install_util.cc(629)] Failed to read HKLM\SOFTWARE\Policies\Google\Chrome\MachineLevelUserCloudPolicyEnrollmentToken: The system cannot find the file specified. (0x2)
Sep 24, 2018 14:20:57.30 [12104:1804:0924/142057.301:ERROR:ssl_client_socket_impl.cc(1050)] handshake failed; returned -1, SSL error code 1, net_error -101
Sep 24, 2018 14:20:57.30 [12104:1804:0924/142057.302:ERROR:ssl_client_socket_impl.cc(1050)] handshake failed; returned -1, SSL error code 1, net_error -101
Sep 24, 2018 14:20:57.30 [12104:1804:0924/142057.305:ERROR:ssl_client_socket_impl.cc(1050)] handshake failed; returned -1, SSL error code 1, net_error -101
Sep 24, 2018 14:20:57.30 [12104:1804:0924/142057.306:ERROR:ssl_client_socket_impl.cc(1050)] handshake failed; returned -1, SSL error code 1, net_error -101
Sep 24, 2018 14:20:57.30 [12104:1804:0924/142057.309:ERROR:ssl_client_socket_impl.cc(1050)] handshake failed; returned -1, SSL error code 1, net_error -101
Sep 24, 2018 14:20:57.31 [12104:1804:0924/142057.310:ERROR:ssl_client_socket_impl.cc(1050)] handshake failed; returned -1, SSL error code 1, net_error -101
Sep 24, 2018 14:21:16.59 [12104:1804:0924/142116.595:ERROR:ssl_client_socket_impl.cc(1050)] handshake failed; returned -1, SSL error code 1, net_error -101
Sep 24, 2018 14:21:16.59 [12104:1804:0924/142116.599:ERROR:ssl_client_socket_impl.cc(1050)] handshake failed; returned -1, SSL error code 1, net_error -101
Sep 24, 2018 14:21:16.60 [12104:1804:0924/142116.608:ERROR:ssl_client_socket_impl.cc(1050)] handshake failed; returned -1, SSL error code 1, net_error -101
Sep 24, 2018 14:21:16.60 [12104:1804:0924/142116.609:ERROR:ssl_client_socket_impl.cc(1050)] handshake failed; returned -1, SSL error code 1, net_error -101
Sep 24, 2018 14:21:16.61 [12104:1804:0924/142116.609:ERROR:ssl_client_socket_impl.cc(1050)] handshake failed; returned -1, SSL error code 1, net_error -101
Sep 24, 2018 14:21:16.61 [12104:1804:0924/142116.610:ERROR:ssl_client_socket_impl.cc(1050)] handshake failed; returned -1, SSL error code 1, net_error -101
Sep 24, 2018 14:35:23.27 [12104:1804:0924/143523.272:ERROR:shader_disk_cache.cc(257)] Failed to create shader cache entry: -2
Sep 24, 2018 14:35:31.68 [12104:1804:0924/143531.679:ERROR:ssl_client_socket_impl.cc(1050)] handshake failed; returned -1, SSL error code 1, net_error -101
Sep 24, 2018 14:35:50.38 [12104:11976:0924/143550.385:ERROR:textfield.cc(1763)] NOT IMPLEMENTED
Sep 24, 2018 14:38:04.18 [12104:1804:0924/143804.185:ERROR:ssl_client_socket_impl.cc(1050)] handshake failed; returned -1, SSL error code 1, net_error -101
Sep 24, 2018 14:38:28.55 [12104:1804:0924/143828.556:ERROR:ssl_client_socket_impl.cc(1050)] handshake failed; returned -1, SSL error code 1, net_error -101
Sep 24, 2018 15:38:21.73 [12104:1804:0924/153821.732:ERROR:ssl_client_socket_impl.cc(1050)] handshake failed; returned -1, SSL error code 1, net_error -101
Sep 24, 2018 15:38:22.64 [12104:1804:0924/153822.637:ERROR:ssl_client_socket_impl.cc(1050)] handshake failed; returned -1, SSL error code 1, net_error -101
Sep 24, 2018 16:36:13.34 [12104:1804:0924/163613.347:ERROR:ssl_client_socket_impl.cc(1050)] handshake failed; returned -1, SSL error code 1, net_error -100
Sep 24, 2018 16:36:13.35 [12104:1804:0924/163613.354:ERROR:ssl_client_socket_impl.cc(1050)] handshake failed; returned -1, SSL error code 1, net_error -100
Sep 24, 2018 16:36:13.36 [12104:1804:0924/163613.365:ERROR:ssl_client_socket_impl.cc(1050)] handshake failed; returned -1, SSL error code 1, net_error -100
Sep 24, 2018 16:36:13.40 [12104:1804:0924/163613.407:ERROR:ssl_client_socket_impl.cc(1050)] handshake failed; returned -1, SSL error code 1, net_error -100
Sep 24, 2018 16:36:13.63 [12104:1804:0924/163613.633:ERROR:ssl_client_socket_impl.cc(1050)] handshake failed; returned -1, SSL error code 1, net_error -100
Sep 24, 2018 16:36:13.64 [12104:1804:0924/163613.647:ERROR:ssl_client_socket_impl.cc(1050)] handshake failed; returned -1, SSL error code 1, net_error -100
Sep 24, 2018 16:36:24.31 [12104:1804:0924/163624.314:ERROR:ssl_client_socket_impl.cc(1050)] handshake failed; returned -1, SSL error code 1, net_error -100
Sep 24, 2018 16:36:24.32 [12104:1804:0924/163624.320:ERROR:ssl_client_socket_impl.cc(1050)] handshake failed; returned -1, SSL error code 1, net_error -100
Sep 24, 2018 16:36:24.37 [12104:1804:0924/163624.372:ERROR:ssl_client_socket_impl.cc(1050)] handshake failed; returned -1, SSL error code 1, net_error -100
Sep 24, 2018 16:36:24.39 [12104:1804:0924/163624.390:ERROR:ssl_client_socket_impl.cc(1050)] handshake failed; returned -1, SSL error code 1, net_error -100
Sep 24, 2018 16:36:25.21 [12104:1804:0924/163625.213:ERROR:ssl_client_socket_impl.cc(1050)] handshake failed; returned -1, SSL error code 1, net_error -100
Sep 24, 2018 16:36:25.23 [12104:1804:0924/163625.239:ERROR:ssl_client_socket_impl.cc(1050)] handshake failed; returned -1, SSL error code 1, net_error -100
Sep 24, 2018 17:39:40.14 [12104:1804:0924/173940.149:ERROR:ssl_client_socket_impl.cc(1050)] handshake failed; returned -1, SSL error code 1, net_error -100
Sep 24, 2018 17:39:40.15 [12104:1804:0924/173940.150:ERROR:ssl_client_socket_impl.cc(1050)] handshake failed; returned -1, SSL error code 1, net_error -100
Sep 24, 2018 17:39:43.90 [12104:1804:0924/173943.904:ERROR:ssl_client_socket_impl.cc(1050)] handshake failed; returned -1, SSL error code 1, net_error -100
Sep 24, 2018 17:39:44.21 [12104:1804:0924/173944.219:ERROR:ssl_client_socket_impl.cc(1050)] handshake failed; returned -1, SSL error code 1, net_error -100

Sep 26, 2018 14:50:35.98 NEW SESSION
Sep 26, 2018 14:50:35.98 [1284:18128:0926/145035.984:ERROR:install_util.cc(629)] Failed to read HKLM\SOFTWARE\Policies\Google\Chrome\MachineLevelUserCloudPolicyEnrollmentToken: The system cannot find the file specified. (0x2)
Sep 26, 2018 14:50:36.20 [1284:18128:0926/145036.122:ERROR:in_progress_cache_impl.cc(192)] Cache is not initialized, cannot RetrieveEntry.
Sep 26, 2018 14:50:36.20 [1284:18128:0926/145036.123:ERROR:in_progress_cache_impl.cc(192)] Cache is not initialized, cannot RetrieveEntry.
Sep 26, 2018 14:50:36.20 [1284:18128:0926/145036.123:ERROR:in_progress_cache_impl.cc(192)] Cache is not initialized, cannot RetrieveEntry.
Sep 26, 2018 14:50:36.20 [1284:18128:0926/145036.123:ERROR:in_progress_cache_impl.cc(192)] Cache is not initialized, cannot RetrieveEntry.
Sep 26, 2018 14:50:36.20 [1284:18128:0926/145036.123:ERROR:in_progress_cache_impl.cc(192)] Cache is not initialized, cannot RetrieveEntry.
Sep 26, 2018 14:50:36.20 [1284:18128:0926/145036.123:ERROR:in_progress_cache_impl.cc(192)] Cache is not initialized, cannot RetrieveEntry.
Sep 26, 2018 14:50:36.20 [1284:18128:0926/145036.123:ERROR:in_progress_cache_impl.cc(192)] Cache is not initialized, cannot RetrieveEntry.
Sep 26, 2018 14:50:36.20 [1284:18128:0926/145036.123:ERROR:in_progress_cache_impl.cc(192)] Cache is not initialized, cannot RetrieveEntry.
Sep 26, 2018 14:50:36.20 [1284:18128:0926/145036.123:ERROR:in_progress_cache_impl.cc(192)] Cache is not initialized, cannot RetrieveEntry.
Sep 26, 2018 14:50:36.20 [1284:18128:0926/145036.123:ERROR:in_progress_cache_impl.cc(192)] Cache is not initialized, cannot RetrieveEntry.
Sep 26, 2018 14:50:36.20 [1284:18128:0926/145036.123:ERROR:in_progress_cache_impl.cc(192)] Cache is not initialized, cannot RetrieveEntry.
Sep 26, 2018 14:50:36.20 [1284:18128:0926/145036.123:ERROR:in_progress_cache_impl.cc(192)] Cache is not initialized, cannot RetrieveEntry.
Sep 26, 2018 14:50:36.20 [1284:18128:0926/145036.123:ERROR:in_progress_cache_impl.cc(192)] Cache is not initialized, cannot RetrieveEntry.
Sep 26, 2018 14:50:36.20 [1284:18128:0926/145036.123:ERROR:in_progress_cache_impl.cc(192)] Cache is not initialized, cannot RetrieveEntry.
Sep 26, 2018 14:50:36.20 [1284:18128:0926/145036.123:ERROR:in_progress_cache_impl.cc(192)] Cache is not initialized, cannot RetrieveEntry.
Sep 26, 2018 14:50:36.21 [1284:18128:0926/145036.123:ERROR:in_progress_cache_impl.cc(192)] Cache is not initialized, cannot RetrieveEntry.
Sep 26, 2018 14:50:36.21 [1284:18128:0926/145036.123:ERROR:in_progress_cache_impl.cc(192)] Cache is not initialized, cannot RetrieveEntry.
Sep 26, 2018 14:50:36.21 [1284:18128:0926/145036.123:ERROR:in_progress_cache_impl.cc(192)] Cache is not initialized, cannot RetrieveEntry.
Sep 26, 2018 14:50:36.21 [1284:18128:0926/145036.123:ERROR:in_progress_cache_impl.cc(192)] Cache is not initialized, cannot RetrieveEntry.
Sep 26, 2018 18:09:26.15 [2424:1760:0926/180926.031:ERROR:install_util.cc(629)] Failed to read HKLM\SOFTWARE\Policies\Google\Chrome\MachineLevelUserCloudPolicyEnrollmentToken: The system cannot find the file specified. (0x2)
Sep 26, 2018 18:26:35.67 [2424:15980:0926/182635.676:ERROR:ssl_client_socket_impl.cc(1050)] handshake failed; returned -1, SSL error code 1, net_error -101
Sep 26, 2018 18:26:35.69 [2424:15980:0926/182635.691:ERROR:ssl_client_socket_impl.cc(1050)] handshake failed; returned -1, SSL error code 1, net_error -101
Sep 26, 2018 18:26:35.83 [2424:15980:0926/182635.830:ERROR:ssl_client_socket_impl.cc(1050)] handshake failed; returned -1, SSL error code 1, net_error -101
Sep 26, 2018 18:26:35.83 [2424:15980:0926/182635.830:ERROR:ssl_client_socket_impl.cc(1050)] handshake failed; returned -1, SSL error code 1, net_error -101
Sep 26, 2018 18:26:54.82 [2424:15980:0926/182654.823:ERROR:ssl_client_socket_impl.cc(1050)] handshake failed; returned -1, SSL error code 1, net_error -101
Sep 26, 2018 18:26:54.85 [2424:15980:0926/182654.852:ERROR:ssl_client_socket_impl.cc(1050)] handshake failed; returned -1, SSL error code 1, net_error -101
Sep 26, 2018 18:26:54.98 [2424:15980:0926/182654.981:ERROR:ssl_client_socket_impl.cc(1050)] handshake failed; returned -1, SSL error code 1, net_error -101
Sep 26, 2018 18:26:54.98 [2424:15980:0926/182654.983:ERROR:ssl_client_socket_impl.cc(1050)] handshake failed; returned -1, SSL error code 1, net_error -101
Sep 26, 2018 18:27:31.93 [10244:11536:0926/182731.927:ERROR:install_util.cc(629)] Failed to read HKLM\SOFTWARE\Policies\Google\Chrome\MachineLevelUserCloudPolicyEnrollmentToken: The system cannot find the file specified. (0x2)
Sep 26, 2018 18:28:03.66 [10632:14152:0926/182803.665:ERROR:install_util.cc(629)] Failed to read HKLM\SOFTWARE\Policies\Google\Chrome\MachineLevelUserCloudPolicyEnrollmentToken: The system cannot find the file specified. (0x2)

Sep 27, 2018 09:12:59.82 NEW SESSION
Sep 27, 2018 09:12:59.83 [16864:9336:0927/091259.710:ERROR:install_util.cc(629)] Failed to read HKLM\SOFTWARE\Policies\Google\Chrome\MachineLevelUserCloudPolicyEnrollmentToken: The system cannot find the file specified. (0x2)
Sep 27, 2018 09:46:56.91 [16864:11392:0927/094656.917:ERROR:ssl_client_socket_impl.cc(1050)] handshake failed; returned -1, SSL error code 1, net_error -101
Sep 27, 2018 09:46:56.92 [16864:11392:0927/094656.921:ERROR:ssl_client_socket_impl.cc(1050)] handshake failed; returned -1, SSL error code 1, net_error -101
Sep 27, 2018 09:46:57.65 [16864:11392:0927/094657.654:ERROR:ssl_client_socket_impl.cc(1050)] handshake failed; returned -1, SSL error code 1, net_error -101
Sep 27, 2018 09:46:57.67 [16864:11392:0927/094657.669:ERROR:ssl_client_socket_impl.cc(1050)] handshake failed; returned -1, SSL error code 1, net_error -101
Sep 27, 2018 09:46:58.63 [16864:11392:0927/094658.628:ERROR:ssl_client_socket_impl.cc(1050)] handshake failed; returned -1, SSL error code 1, net_error -101
Sep 27, 2018 09:46:58.63 [16864:11392:0927/094658.631:ERROR:ssl_client_socket_impl.cc(1050)] handshake failed; returned -1, SSL error code 1, net_error -101
Sep 27, 2018 09:47:16.19 [16864:11392:0927/094716.195:ERROR:ssl_client_socket_impl.cc(1050)] handshake failed; returned -1, SSL error code 1, net_error -101
Sep 27, 2018 09:47:16.20 [16864:11392:0927/094716.198:ERROR:ssl_client_socket_impl.cc(1050)] handshake failed; returned -1, SSL error code 1, net_error -101
Sep 27, 2018 09:47:21.91 [16864:11392:0927/094721.912:ERROR:ssl_client_socket_impl.cc(1050)] handshake failed; returned -1, SSL error code 1, net_error -101
Sep 27, 2018 09:47:22.22 [16864:11392:0927/094722.226:ERROR:ssl_client_socket_impl.cc(1050)] handshake failed; returned -1, SSL error code 1, net_error -101

Sep 27, 2018 10:04:49.70 NEW SESSION
Sep 27, 2018 10:04:49.70 [6744:17804:0927/100449.704:ERROR:install_util.cc(629)] Failed to read HKLM\SOFTWARE\Policies\Google\Chrome\MachineLevelUserCloudPolicyEnrollmentToken: The system cannot find the file specified. (0x2)

Oct 08, 2018 08:41:52.69 NEW SESSION
Oct 08, 2018 08:41:52.69 [11140:1740:1008/084152.678:ERROR:install_util.cc(629)] Failed to read HKLM\SOFTWARE\Policies\Google\Chrome\MachineLevelUserCloudPolicyEnrollmentToken: The system cannot find the file specified. (0x2)
Oct 08, 2018 09:31:23.43 [11140:7464:1008/093123.403:ERROR:ssl_client_socket_impl.cc(1050)] handshake failed; returned -1, SSL error code 1, net_error -101
Oct 08, 2018 09:31:23.62 [11140:7464:1008/093123.621:ERROR:ssl_client_socket_impl.cc(1050)] handshake failed; returned -1, SSL error code 1, net_error -101
Oct 08, 2018 09:31:24.71 [11140:7464:1008/093124.709:ERROR:ssl_client_socket_impl.cc(1050)] handshake failed; returned -1, SSL error code 1, net_error -101
Oct 08, 2018 09:31:24.75 [11140:7464:1008/093124.755:ERROR:ssl_client_socket_impl.cc(1050)] handshake failed; returned -1, SSL error code 1, net_error -101
Oct 08, 2018 09:31:24.77 [11140:7464:1008/093124.767:ERROR:ssl_client_socket_impl.cc(1050)] handshake failed; returned -1, SSL error code 1, net_error -101
Oct 08, 2018 09:31:25.35 [11140:7464:1008/093125.346:ERROR:ssl_client_socket_impl.cc(1050)] handshake failed; returned -1, SSL error code 1, net_error -101
Oct 08, 2018 09:31:42.62 [11140:7464:1008/093142.623:ERROR:ssl_client_socket_impl.cc(1050)] handshake failed; returned -1, SSL error code 1, net_error -101
Oct 08, 2018 09:31:42.62 [11140:7464:1008/093142.624:ERROR:ssl_client_socket_impl.cc(1050)] handshake failed; returned -1, SSL error code 1, net_error -101
Oct 08, 2018 09:31:42.80 [11140:7464:1008/093142.799:ERROR:ssl_client_socket_impl.cc(1050)] handshake failed; returned -1, SSL error code 1, net_error -101
Oct 08, 2018 09:31:42.80 [11140:7464:1008/093142.799:ERROR:ssl_client_socket_impl.cc(1050)] handshake failed; returned -1, SSL error code 1, net_error -101
Oct 08, 2018 09:31:43.89 [11140:7464:1008/093143.891:ERROR:ssl_client_socket_impl.cc(1050)] handshake failed; returned -1, SSL error code 1, net_error -101
Oct 08, 2018 09:31:43.91 [11140:7464:1008/093143.919:ERROR:ssl_client_socket_impl.cc(1050)] handshake failed; returned -1, SSL error code 1, net_error -101
Oct 08, 2018 09:31:43.99 [11140:7464:1008/093143.990:ERROR:ssl_client_socket_impl.cc(1050)] handshake failed; returned -1, SSL error code 1, net_error -101
Oct 08, 2018 09:31:44.00 [11140:7464:1008/093144.003:ERROR:ssl_client_socket_impl.cc(1050)] handshake failed; returned -1, SSL error code 1, net_error -101
Oct 08, 2018 09:31:44.00 [11140:7464:1008/093144.003:ERROR:ssl_client_socket_impl.cc(1050)] handshake failed; returned -1, SSL error code 1, net_error -101
Oct 08, 2018 09:31:44.54 [11140:7464:1008/093144.544:ERROR:ssl_client_socket_impl.cc(1050)] handshake failed; returned -1, SSL error code 1, net_error -101
Oct 08, 2018 09:32:01.85 [11140:7464:1008/093201.850:ERROR:ssl_client_socket_impl.cc(1050)] handshake failed; returned -1, SSL error code 1, net_error -101
Oct 08, 2018 09:32:01.98 [11140:7464:1008/093201.983:ERROR:ssl_client_socket_impl.cc(1050)] handshake failed; returned -1, SSL error code 1, net_error -101
Oct 08, 2018 09:32:03.10 [11140:7464:1008/093203.102:ERROR:ssl_client_socket_impl.cc(1050)] handshake failed; returned -1, SSL error code 1, net_error -101
Oct 08, 2018 09:32:03.19 [11140:7464:1008/093203.187:ERROR:ssl_client_socket_impl.cc(1050)] handshake failed; returned -1, SSL error code 1, net_error -101
Oct 08, 2018 09:37:18.44 [11140:7464:1008/093718.440:ERROR:ssl_client_socket_impl.cc(1050)] handshake failed; returned -1, SSL error code 1, net_error -101
Oct 08, 2018 09:52:02.31 [11140:7464:1008/095202.318:ERROR:ssl_client_socket_impl.cc(1050)] handshake failed; returned -1, SSL error code 1, net_error -101
Oct 08, 2018 09:52:02.32 [11140:7464:1008/095202.326:ERROR:ssl_client_socket_impl.cc(1050)] handshake failed; returned -1, SSL error code 1, net_error -101
Oct 08, 2018 09:52:02.59 [11140:7464:1008/095202.590:ERROR:ssl_client_socket_impl.cc(1050)] handshake failed; returned -1, SSL error code 1, net_error -101
Oct 08, 2018 09:52:02.59 [11140:7464:1008/095202.592:ERROR:ssl_client_socket_impl.cc(1050)] handshake failed; returned -1, SSL error code 1, net_error -101
Oct 08, 2018 09:52:13.53 [11140:7464:1008/095213.535:ERROR:ssl_client_socket_impl.cc(1050)] handshake failed; returned -1, SSL error code 1, net_error -101
Oct 08, 2018 09:52:27.25 [11140:7464:1008/095227.255:ERROR:ssl_client_socket_impl.cc(1050)] handshake failed; returned -1, SSL error code 1, net_error -101
Oct 08, 2018 09:52:38.56 [11140:7464:1008/095238.559:ERROR:ssl_client_socket_impl.cc(1050)] handshake failed; returned -1, SSL error code 1, net_error -101
Oct 08, 2018 09:52:43.25 [11140:7464:1008/095243.254:ERROR:ssl_client_socket_impl.cc(1050)] handshake failed; returned -1, SSL error code 1, net_error -101
Oct 08, 2018 09:52:50.26 [11140:7464:1008/095250.264:ERROR:ssl_client_socket_impl.cc(1050)] handshake failed; returned -1, SSL error code 1, net_error -101
Oct 08, 2018 09:52:56.53 [11140:7464:1008/095256.535:ERROR:ssl_client_socket_impl.cc(1050)] handshake failed; returned -1, SSL error code 1, net_error -101
Oct 08, 2018 09:53:01.29 [11140:7464:1008/095301.289:ERROR:ssl_client_socket_impl.cc(1050)] handshake failed; returned -1, SSL error code 1, net_error -101
Oct 08, 2018 09:53:15.66 [11140:7464:1008/095315.667:ERROR:ssl_client_socket_impl.cc(1050)] handshake failed; returned -1, SSL error code 1, net_error -101
Oct 08, 2018 09:53:22.28 [11140:7464:1008/095322.285:ERROR:ssl_client_socket_impl.cc(1050)] handshake failed; returned -1, SSL error code 1, net_error -101
Oct 08, 2018 09:53:29.27 [11140:7464:1008/095329.272:ERROR:ssl_client_socket_impl.cc(1050)] handshake failed; returned -1, SSL error code 1, net_error -101
Oct 08, 2018 09:53:39.26 [11140:7464:1008/095339.260:ERROR:ssl_client_socket_impl.cc(1050)] handshake failed; returned -1, SSL error code 1, net_error -101
Oct 08, 2018 09:53:43.24 [11140:7464:1008/095343.246:ERROR:ssl_client_socket_impl.cc(1050)] handshake failed; returned -1, SSL error code 1, net_error -101
Oct 08, 2018 09:53:57.53 [11140:7464:1008/095357.531:ERROR:ssl_client_socket_impl.cc(1050)] handshake failed; returned -1, SSL error code 1, net_error -101
Oct 08, 2018 09:54:13.27 [11140:7464:1008/095413.272:ERROR:ssl_client_socket_impl.cc(1050)] handshake failed; returned -1, SSL error code 1, net_error -101
Oct 08, 2018 09:54:14.08 [11140:7464:1008/095414.082:ERROR:ssl_client_socket_impl.cc(1050)] handshake failed; returned -1, SSL error code 1, net_error -101
Oct 08, 2018 09:54:18.08 [11140:1740:1008/095418.084:ERROR:gcm_channel_status_request.cc(151)] GCM channel request failed.
Oct 08, 2018 09:54:36.30 [11140:7464:1008/095436.307:ERROR:ssl_client_socket_impl.cc(1050)] handshake failed; returned -1, SSL error code 1, net_error -101
Oct 08, 2018 09:54:42.23 [11140:7464:1008/095442.233:ERROR:ssl_client_socket_impl.cc(1050)] handshake failed; returned -1, SSL error code 1, net_error -101
Oct 08, 2018 09:54:43.56 [11140:7464:1008/095443.561:ERROR:ssl_client_socket_impl.cc(1050)] handshake failed; returned -1, SSL error code 1, net_error -101
Oct 08, 2018 09:54:46.25 [11140:7464:1008/095446.254:ERROR:ssl_client_socket_impl.cc(1050)] handshake failed; returned -1, SSL error code 1, net_error -101
Oct 08, 2018 09:54:57.55 [11140:7464:1008/095457.548:ERROR:ssl_client_socket_impl.cc(1050)] handshake failed; returned -1, SSL error code 1, net_error -101
Oct 08, 2018 09:54:59.99 [11140:7464:1008/095459.988:ERROR:ssl_client_socket_impl.cc(1050)] handshake failed; returned -1, SSL error code 1, net_error -101
Oct 08, 2018 09:55:04.08 [11140:1740:1008/095504.082:ERROR:gcm_channel_status_request.cc(151)] GCM channel request failed.
Oct 08, 2018 09:55:13.23 [11140:7464:1008/095513.238:ERROR:ssl_client_socket_impl.cc(1050)] handshake failed; returned -1, SSL error code 1, net_error -101
Oct 08, 2018 09:55:40.26 [11140:7464:1008/095540.257:ERROR:ssl_client_socket_impl.cc(1050)] handshake failed; returned -1, SSL error code 1, net_error -101
Oct 08, 2018 09:55:41.42 [11140:7464:1008/095541.424:ERROR:ssl_client_socket_impl.cc(1050)] handshake failed; returned -1, SSL error code 1, net_error -101
Oct 08, 2018 09:55:43.04 [11140:7464:1008/095543.037:ERROR:ssl_client_socket_impl.cc(1050)] handshake failed; returned -1, SSL error code 1, net_error -101
Oct 08, 2018 09:55:53.11 [11140:7464:1008/095553.108:ERROR:ssl_client_socket_impl.cc(1050)] handshake failed; returned -1, SSL error code 1, net_error -101
Oct 08, 2018 09:56:02.55 [11140:7464:1008/095602.556:ERROR:ssl_client_socket_impl.cc(1050)] handshake failed; returned -1, SSL error code 1, net_error -101
Oct 08, 2018 09:56:03.90 [11140:7464:1008/095603.907:ERROR:ssl_client_socket_impl.cc(1050)] handshake failed; returned -1, SSL error code 1, net_error -101
Oct 08, 2018 09:56:10.50 [11140:7464:1008/095610.504:ERROR:ssl_client_socket_impl.cc(1050)] handshake failed; returned -1, SSL error code 1, net_error -101
Oct 08, 2018 09:56:13.24 [11140:7464:1008/095613.242:ERROR:ssl_client_socket_impl.cc(1050)] handshake failed; returned -1, SSL error code 1, net_error -101
Oct 08, 2018 09:56:14.53 [11140:1740:1008/095614.534:ERROR:gcm_channel_status_request.cc(151)] GCM channel request failed.
Oct 08, 2018 09:56:32.39 [11140:7464:1008/095632.391:ERROR:ssl_client_socket_impl.cc(1050)] handshake failed; returned -1, SSL error code 1, net_error -101
Oct 08, 2018 09:56:43.27 [11140:7464:1008/095643.268:ERROR:ssl_client_socket_impl.cc(1050)] handshake failed; returned -1, SSL error code 1, net_error -101
Oct 08, 2018 09:56:45.26 [11140:7464:1008/095645.260:ERROR:ssl_client_socket_impl.cc(1050)] handshake failed; returned -1, SSL error code 1, net_error -101
Oct 08, 2018 09:56:55.29 [11140:7464:1008/095655.290:ERROR:ssl_client_socket_impl.cc(1050)] handshake failed; returned -1, SSL error code 1, net_error -101
Oct 08, 2018 09:57:13.22 [11140:7464:1008/095713.228:ERROR:ssl_client_socket_impl.cc(1050)] handshake failed; returned -1, SSL error code 1, net_error -101
Oct 08, 2018 09:57:22.62 [11140:7464:1008/095722.616:ERROR:ssl_client_socket_impl.cc(1050)] handshake failed; returned -1, SSL error code 1, net_error -101
Oct 08, 2018 09:57:25.91 [11140:7464:1008/095725.906:ERROR:ssl_client_socket_impl.cc(1050)] handshake failed; returned -1, SSL error code 1, net_error -101
Oct 08, 2018 09:57:43.24 [11140:7464:1008/095743.239:ERROR:ssl_client_socket_impl.cc(1050)] handshake failed; returned -1, SSL error code 1, net_error -101
Oct 08, 2018 09:58:13.22 [11140:7464:1008/095813.228:ERROR:ssl_client_socket_impl.cc(1050)] handshake failed; returned -1, SSL error code 1, net_error -101
Oct 08, 2018 09:58:19.88 [11140:7464:1008/095819.882:ERROR:ssl_client_socket_impl.cc(1050)] handshake failed; returned -1, SSL error code 1, net_error -101
Oct 08, 2018 09:58:23.88 [11140:1740:1008/095823.886:ERROR:gcm_channel_status_request.cc(151)] GCM channel request failed.
Oct 08, 2018 09:58:29.70 [11140:7464:1008/095829.704:ERROR:ssl_client_socket_impl.cc(1050)] handshake failed; returned -1, SSL error code 1, net_error -101
Oct 08, 2018 09:58:42.27 [11140:7464:1008/095842.275:ERROR:ssl_client_socket_impl.cc(1050)] handshake failed; returned -1, SSL error code 1, net_error -101
Oct 08, 2018 09:58:43.53 [11140:7464:1008/095843.533:ERROR:ssl_client_socket_impl.cc(1050)] handshake failed; returned -1, SSL error code 1, net_error -101
Oct 08, 2018 09:58:49.39 [11140:7464:1008/095849.389:ERROR:ssl_client_socket_impl.cc(1050)] handshake failed; returned -1, SSL error code 1, net_error -101
Oct 08, 2018 09:59:06.54 [11140:7464:1008/095906.546:ERROR:ssl_client_socket_impl.cc(1050)] handshake failed; returned -1, SSL error code 1, net_error -101
Oct 08, 2018 09:59:06.55 [11140:7464:1008/095906.551:ERROR:ssl_client_socket_impl.cc(1050)] handshake failed; returned -1, SSL error code 1, net_error -101
Oct 08, 2018 09:59:06.59 [11140:7464:1008/095906.592:ERROR:ssl_client_socket_impl.cc(1050)] handshake failed; returned -1, SSL error code 1, net_error -101
Oct 08, 2018 09:59:07.49 [11140:7464:1008/095907.493:ERROR:ssl_client_socket_impl.cc(1050)] handshake failed; returned -1, SSL error code 1, net_error -101
Oct 08, 2018 09:59:08.24 [11140:7464:1008/095908.247:ERROR:ssl_client_socket_impl.cc(1050)] handshake failed; returned -1, SSL error code 1, net_error -101
Oct 08, 2018 09:59:12.64 [11140:7464:1008/095912.643:ERROR:ssl_client_socket_impl.cc(1050)] handshake failed; returned -1, SSL error code 1, net_error -101
Oct 08, 2018 09:59:13.22 [11140:7464:1008/095913.226:ERROR:ssl_client_socket_impl.cc(1050)] handshake failed; returned -1, SSL error code 1, net_error -101
Oct 08, 2018 09:59:17.31 [11140:7464:1008/095917.312:ERROR:ssl_client_socket_impl.cc(1050)] handshake failed; returned -1, SSL error code 1, net_error -101
